2021-07-22 05:35:57,005 DEBUG    root            Loaded Command Group: ['gcloud', 'compute']
2021-07-22 05:35:57,009 DEBUG    root            Loaded Command Group: ['gcloud', 'compute', 'machine_types']
2021-07-22 05:35:57,019 DEBUG    root            Loaded Command Group: ['gcloud', 'compute', 'machine-types', 'describe']
2021-07-22 05:35:57,048 DEBUG    root            Running [gcloud.compute.machine-types.describe] with arguments: [--zone: "projects/114789316337/zones/us-west1-b", NAME: "n1-standard-2"]
2021-07-22 05:35:57,065 DEBUG    google.auth.transport.requests Making request: GET http://metadata.google.internal/computeMetadata/v1/instance/service-accounts/114789316337-compute@developer.gserviceaccount.com/?recursive=true
2021-07-22 05:35:57,069 DEBUG    urllib3.connectionpool Starting new HTTP connection (1): metadata.google.internal:80
2021-07-22 05:35:57,070 DEBUG    urllib3.connectionpool http://metadata.google.internal:80 "GET /computeMetadata/v1/instance/service-accounts/114789316337-compute@developer.gserviceaccount.com/?recursive=true HTTP/1.1" 200 155
2021-07-22 05:35:57,071 DEBUG    google.auth.transport.requests Making request: GET http://metadata.google.internal/computeMetadata/v1/instance/service-accounts/114789316337-compute@developer.gserviceaccount.com/token
2021-07-22 05:35:57,084 DEBUG    urllib3.connectionpool http://metadata.google.internal:80 "GET /computeMetadata/v1/instance/service-accounts/114789316337-compute@developer.gserviceaccount.com/token HTTP/1.1" 200 251
2021-07-22 05:35:57,109 DEBUG    google.auth.transport.requests Making request: GET http://metadata.google.internal/computeMetadata/v1/instance/service-accounts/114789316337-compute@developer.gserviceaccount.com/?recursive=true
2021-07-22 05:35:57,112 DEBUG    urllib3.connectionpool Starting new HTTP connection (1): metadata.google.internal:80
2021-07-22 05:35:57,114 DEBUG    urllib3.connectionpool http://metadata.google.internal:80 "GET /computeMetadata/v1/instance/service-accounts/114789316337-compute@developer.gserviceaccount.com/?recursive=true HTTP/1.1" 200 155
2021-07-22 05:35:57,114 DEBUG    google.auth.transport.requests Making request: GET http://metadata.google.internal/computeMetadata/v1/instance/service-accounts/114789316337-compute@developer.gserviceaccount.com/token
2021-07-22 05:35:57,116 DEBUG    urllib3.connectionpool http://metadata.google.internal:80 "GET /computeMetadata/v1/instance/service-accounts/114789316337-compute@developer.gserviceaccount.com/token HTTP/1.1" 200 251
2021-07-22 05:35:57,297 DEBUG    urllib3.connectionpool Starting new HTTPS connection (1): compute.googleapis.com:443
2021-07-22 05:35:57,479 DEBUG    urllib3.connectionpool https://compute.googleapis.com:443 "POST /batch/compute/v1 HTTP/1.1" 200 None
2021-07-22 05:35:57,482 INFO     root            Display format: "default"
2021-07-22 05:35:57,484 INFO     ___FILE_ONLY___ creationTimestamp
2021-07-22 05:35:57,484 INFO     ___FILE_ONLY___ :
2021-07-22 05:35:57,484 INFO     ___FILE_ONLY___  '
2021-07-22 05:35:57,485 INFO     ___FILE_ONLY___ 1969-12-31T16:00:00.000-08:00
2021-07-22 05:35:57,485 INFO     ___FILE_ONLY___ '
2021-07-22 05:35:57,485 INFO     ___FILE_ONLY___ 

2021-07-22 05:35:57,485 INFO     ___FILE_ONLY___ description
2021-07-22 05:35:57,485 INFO     ___FILE_ONLY___ :
2021-07-22 05:35:57,485 INFO     ___FILE_ONLY___  
2021-07-22 05:35:57,485 INFO     ___FILE_ONLY___ 2
2021-07-22 05:35:57,486 INFO     ___FILE_ONLY___  
2021-07-22 05:35:57,486 INFO     ___FILE_ONLY___ vCPUs,
2021-07-22 05:35:57,486 INFO     ___FILE_ONLY___  
2021-07-22 05:35:57,486 INFO     ___FILE_ONLY___ 7.5
2021-07-22 05:35:57,486 INFO     ___FILE_ONLY___  
2021-07-22 05:35:57,486 INFO     ___FILE_ONLY___ GB
2021-07-22 05:35:57,486 INFO     ___FILE_ONLY___  
2021-07-22 05:35:57,486 INFO     ___FILE_ONLY___ RAM
2021-07-22 05:35:57,486 INFO     ___FILE_ONLY___ 

2021-07-22 05:35:57,486 INFO     ___FILE_ONLY___ guestCpus
2021-07-22 05:35:57,487 INFO     ___FILE_ONLY___ :
2021-07-22 05:35:57,487 INFO     ___FILE_ONLY___  
2021-07-22 05:35:57,487 INFO     ___FILE_ONLY___ 2
2021-07-22 05:35:57,487 INFO     ___FILE_ONLY___ 

2021-07-22 05:35:57,487 INFO     ___FILE_ONLY___ id
2021-07-22 05:35:57,487 INFO     ___FILE_ONLY___ :
2021-07-22 05:35:57,487 INFO     ___FILE_ONLY___  '
2021-07-22 05:35:57,488 INFO     ___FILE_ONLY___ 3002
2021-07-22 05:35:57,488 INFO     ___FILE_ONLY___ '
2021-07-22 05:35:57,488 INFO     ___FILE_ONLY___ 

2021-07-22 05:35:57,488 INFO     ___FILE_ONLY___ imageSpaceGb
2021-07-22 05:35:57,488 INFO     ___FILE_ONLY___ :
2021-07-22 05:35:57,488 INFO     ___FILE_ONLY___  
2021-07-22 05:35:57,488 INFO     ___FILE_ONLY___ 10
2021-07-22 05:35:57,488 INFO     ___FILE_ONLY___ 

2021-07-22 05:35:57,489 INFO     ___FILE_ONLY___ isSharedCpu
2021-07-22 05:35:57,489 INFO     ___FILE_ONLY___ :
2021-07-22 05:35:57,489 INFO     ___FILE_ONLY___  
2021-07-22 05:35:57,489 INFO     ___FILE_ONLY___ false
2021-07-22 05:35:57,489 INFO     ___FILE_ONLY___ 

2021-07-22 05:35:57,490 INFO     ___FILE_ONLY___ kind
2021-07-22 05:35:57,490 INFO     ___FILE_ONLY___ :
2021-07-22 05:35:57,490 INFO     ___FILE_ONLY___  
2021-07-22 05:35:57,490 INFO     ___FILE_ONLY___ compute#machineType
2021-07-22 05:35:57,490 INFO     ___FILE_ONLY___ 

2021-07-22 05:35:57,490 INFO     ___FILE_ONLY___ maximumPersistentDisks
2021-07-22 05:35:57,490 INFO     ___FILE_ONLY___ :
2021-07-22 05:35:57,490 INFO     ___FILE_ONLY___  
2021-07-22 05:35:57,491 INFO     ___FILE_ONLY___ 128
2021-07-22 05:35:57,491 INFO     ___FILE_ONLY___ 

2021-07-22 05:35:57,491 INFO     ___FILE_ONLY___ maximumPersistentDisksSizeGb
2021-07-22 05:35:57,491 INFO     ___FILE_ONLY___ :
2021-07-22 05:35:57,491 INFO     ___FILE_ONLY___  '
2021-07-22 05:35:57,491 INFO     ___FILE_ONLY___ 263168
2021-07-22 05:35:57,491 INFO     ___FILE_ONLY___ '
2021-07-22 05:35:57,492 INFO     ___FILE_ONLY___ 

2021-07-22 05:35:57,492 INFO     ___FILE_ONLY___ memoryMb
2021-07-22 05:35:57,492 INFO     ___FILE_ONLY___ :
2021-07-22 05:35:57,492 INFO     ___FILE_ONLY___  
2021-07-22 05:35:57,492 INFO     ___FILE_ONLY___ 7680
2021-07-22 05:35:57,492 INFO     ___FILE_ONLY___ 

2021-07-22 05:35:57,492 INFO     ___FILE_ONLY___ name
2021-07-22 05:35:57,493 INFO     ___FILE_ONLY___ :
2021-07-22 05:35:57,493 INFO     ___FILE_ONLY___  
2021-07-22 05:35:57,493 INFO     ___FILE_ONLY___ n1-standard-2
2021-07-22 05:35:57,493 INFO     ___FILE_ONLY___ 

2021-07-22 05:35:57,493 INFO     ___FILE_ONLY___ selfLink
2021-07-22 05:35:57,493 INFO     ___FILE_ONLY___ :
2021-07-22 05:35:57,493 INFO     ___FILE_ONLY___  
2021-07-22 05:35:57,494 INFO     ___FILE_ONLY___ https://www.googleapis.com/compute/v1/projects/ultra-evening-318614/zones/us-west1-b/machineTypes/n1-standard-2
2021-07-22 05:35:57,494 INFO     ___FILE_ONLY___ 

2021-07-22 05:35:57,494 INFO     ___FILE_ONLY___ zone
2021-07-22 05:35:57,494 INFO     ___FILE_ONLY___ :
2021-07-22 05:35:57,494 INFO     ___FILE_ONLY___  
2021-07-22 05:35:57,494 INFO     ___FILE_ONLY___ us-west1-b
2021-07-22 05:35:57,494 INFO     ___FILE_ONLY___ 

2021-07-22 05:35:57,495 DEBUG    root            SDK update checks are disabled.
