2021-07-22 05:38:09,880 ERROR    root            (gcloud) Command name argument expected.
2021-07-22 05:38:09,884 DEBUG    root            No implementation for release track [GA] for element: [/usr/lib/google-cloud-sdk/lib/surface/genomics]
2021-07-22 05:38:09,890 DEBUG    root            Loaded Command Group: ['gcloud', 'source']
2021-07-22 05:38:09,897 DEBUG    root            Loaded Command Group: ['gcloud', 'resource_manager']
2021-07-22 05:38:09,916 DEBUG    root            No implementation for release track [GA] for element: [/usr/lib/google-cloud-sdk/lib/surface/network_connectivity]
2021-07-22 05:38:09,921 DEBUG    root            No implementation for release track [GA] for element: [/usr/lib/google-cloud-sdk/lib/surface/lifesciences]
2021-07-22 05:38:09,924 DEBUG    root            Loaded Command Group: ['gcloud', 'spanner']
2021-07-22 05:38:09,933 DEBUG    root            Loaded Command Group: ['gcloud', 'emulators']
2021-07-22 05:38:09,948 DEBUG    root            Loaded Command Group: ['gcloud', 'container']
2021-07-22 05:38:09,958 DEBUG    root            Loaded Command Group: ['gcloud', 'services']
2021-07-22 05:38:09,964 DEBUG    root            No implementation for release track [GA] for element: [/usr/lib/google-cloud-sdk/lib/surface/publicca]
2021-07-22 05:38:09,967 DEBUG    root            Loaded Command Group: ['gcloud', 'composer']
2021-07-22 05:38:09,974 DEBUG    root            No implementation for release track [GA] for element: [/usr/lib/google-cloud-sdk/lib/surface/storage]
2021-07-22 05:38:09,975 DEBUG    root            Loaded Command Group: ['gcloud', 'domains']
2021-07-22 05:38:09,979 DEBUG    root            Loaded Command Group: ['gcloud', 'dns']
2021-07-22 05:38:09,987 DEBUG    root            No implementation for release track [GA] for element: [/usr/lib/google-cloud-sdk/lib/surface/media]
2021-07-22 05:38:09,988 DEBUG    root            No implementation for release track [GA] for element: [/usr/lib/google-cloud-sdk/lib/surface/recaptcha]
2021-07-22 05:38:10,000 DEBUG    root            Loaded Command Group: ['gcloud', 'info']
2021-07-22 05:38:10,006 DEBUG    root            No implementation for release track [GA] for element: [/usr/lib/google-cloud-sdk/lib/surface/runtime_config]
2021-07-22 05:38:10,009 DEBUG    root            Loaded Command Group: ['gcloud', 'redis']
2021-07-22 05:38:10,013 DEBUG    root            Loaded Command Group: ['gcloud', 'dataflow']
2021-07-22 05:38:10,019 DEBUG    root            Loaded Command Group: ['gcloud', 'data_catalog']
2021-07-22 05:38:10,027 DEBUG    root            No implementation for release track [GA] for element: [/usr/lib/google-cloud-sdk/lib/surface/error_reporting]
2021-07-22 05:38:10,030 DEBUG    root            No implementation for release track [GA] for element: [/usr/lib/google-cloud-sdk/lib/surface/ids]
2021-07-22 05:38:10,034 DEBUG    root            Loaded Command Group: ['gcloud', 'network_management']
2021-07-22 05:38:10,038 DEBUG    root            Loaded Command Group: ['gcloud', 'resource_settings']
2021-07-22 05:38:10,040 DEBUG    root            Loaded Command Group: ['gcloud', 'workspace_add_ons']
2021-07-22 05:38:10,044 DEBUG    root            Loaded Command Group: ['gcloud', 'version']
2021-07-22 05:38:10,047 DEBUG    root            No implementation for release track [GA] for element: [/usr/lib/google-cloud-sdk/lib/surface/admin_service_cluster]
2021-07-22 05:38:10,050 DEBUG    root            Loaded Command Group: ['gcloud', 'ai']
2021-07-22 05:38:10,059 DEBUG    root            Loaded Command Group: ['gcloud', 'scheduler']
2021-07-22 05:38:10,063 DEBUG    root            No implementation for release track [GA] for element: [/usr/lib/google-cloud-sdk/lib/surface/dlp]
2021-07-22 05:38:10,064 DEBUG    root            Loaded Command Group: ['gcloud', 'privateca']
2021-07-22 05:38:10,070 DEBUG    root            No implementation for release track [GA] for element: [/usr/lib/google-cloud-sdk/lib/surface/data_fusion]
2021-07-22 05:38:10,073 DEBUG    root            Loaded Command Group: ['gcloud', 'feedback']
2021-07-22 05:38:10,076 DEBUG    root            Loaded Command Group: ['gcloud', 'cloud_shell']
2021-07-22 05:38:10,078 DEBUG    root            Loaded Command Group: ['gcloud', 'database_migration']
2021-07-22 05:38:10,083 DEBUG    root            Loaded Command Group: ['gcloud', 'meta']
2021-07-22 05:38:10,088 DEBUG    root            Loaded Command Group: ['gcloud', 'pubsub']
2021-07-22 05:38:10,094 DEBUG    root            No implementation for release track [GA] for element: [/usr/lib/google-cloud-sdk/lib/surface/transcoder]
2021-07-22 05:38:10,096 DEBUG    root            Loaded Command Group: ['gcloud', 'healthcare']
2021-07-22 05:38:10,102 DEBUG    root            No implementation for release track [GA] for element: [/usr/lib/google-cloud-sdk/lib/surface/vmware]
2021-07-22 05:38:10,104 DEBUG    root            Loaded Command Group: ['gcloud', 'iam']
2021-07-22 05:38:10,110 DEBUG    root            No implementation for release track [GA] for element: [/usr/lib/google-cloud-sdk/lib/surface/network_services]
2021-07-22 05:38:10,115 DEBUG    root            Loaded Command Group: ['gcloud', 'init']
2021-07-22 05:38:10,118 DEBUG    root            Loaded Command Group: ['gcloud', 'config']
2021-07-22 05:38:10,167 DEBUG    root            Loaded Command Group: ['gcloud', 'ml_engine']
2021-07-22 05:38:10,316 DEBUG    root            No implementation for release track [GA] for element: [/usr/lib/google-cloud-sdk/lib/surface/interactive]
2021-07-22 05:38:10,322 DEBUG    root            No implementation for release track [GA] for element: [/usr/lib/google-cloud-sdk/lib/surface/code]
2021-07-22 05:38:10,323 DEBUG    root            Loaded Command Group: ['gcloud', 'game']
2021-07-22 05:38:10,328 DEBUG    root            Loaded Command Group: ['gcloud', 'kms']
2021-07-22 05:38:10,332 DEBUG    root            Loaded Command Group: ['gcloud', 'auth']
2021-07-22 05:38:10,335 DEBUG    root            Loaded Command Group: ['gcloud', 'sql']
2021-07-22 05:38:10,367 DEBUG    root            Loaded Command Group: ['gcloud', 'compute']
2021-07-22 05:38:10,372 DEBUG    root            Loaded Command Group: ['gcloud', 'dataproc']
2021-07-22 05:38:10,378 DEBUG    root            Loaded Command Group: ['gcloud', 'access_context_manager']
2021-07-22 05:38:10,383 DEBUG    root            Loaded Command Group: ['gcloud', 'memcache']
2021-07-22 05:38:10,388 DEBUG    root            Loaded Command Group: ['gcloud', 'run']
2021-07-22 05:38:10,395 DEBUG    root            No implementation for release track [GA] for element: [/usr/lib/google-cloud-sdk/lib/surface/datastream]
2021-07-22 05:38:10,401 DEBUG    root            No implementation for release track [GA] for element: [/usr/lib/google-cloud-sdk/lib/surface/policy_intelligence]
2021-07-22 05:38:10,403 DEBUG    root            Loaded Command Group: ['gcloud', 'scc']
2021-07-22 05:38:10,408 DEBUG    root            Loaded Command Group: ['gcloud', 'organizations']
2021-07-22 05:38:10,412 DEBUG    root            No implementation for release track [GA] for element: [/usr/lib/google-cloud-sdk/lib/surface/access_approval]
2021-07-22 05:38:10,413 DEBUG    root            Loaded Command Group: ['gcloud', 'ai_platform']
2021-07-22 05:38:10,416 DEBUG    root            Loaded Command Group: ['gcloud', 'projects']
2021-07-22 05:38:10,420 DEBUG    root            No implementation for release track [GA] for element: [/usr/lib/google-cloud-sdk/lib/surface/remote_build_execution]
2021-07-22 05:38:10,421 DEBUG    root            Loaded Command Group: ['gcloud', 'eventarc']
2021-07-22 05:38:10,426 DEBUG    root            Loaded Command Group: ['gcloud', 'anthos']
2021-07-22 05:38:10,438 DEBUG    root            Loaded Command Group: ['gcloud', 'help']
2021-07-22 05:38:10,441 DEBUG    root            Loaded Command Group: ['gcloud', 'metastore']
2021-07-22 05:38:10,445 DEBUG    root            No implementation for release track [GA] for element: [/usr/lib/google-cloud-sdk/lib/surface/blueprints]
2021-07-22 05:38:10,491 DEBUG    root            No implementation for release track [GA] for element: [/usr/lib/google-cloud-sdk/lib/surface/events]
2021-07-22 05:38:10,493 DEBUG    root            Loaded Command Group: ['gcloud', 'workflows']
2021-07-22 05:38:10,497 DEBUG    root            Loaded Command Group: ['gcloud', 'firebase']
2021-07-22 05:38:10,500 DEBUG    root            Loaded Command Group: ['gcloud', 'secrets']
2021-07-22 05:38:10,505 DEBUG    root            Loaded Command Group: ['gcloud', 'monitoring']
2021-07-22 05:38:10,510 DEBUG    root            Loaded Command Group: ['gcloud', 'iap']
2021-07-22 05:38:10,516 DEBUG    root            Loaded Command Group: ['gcloud', 'components']
2021-07-22 05:38:10,519 DEBUG    root            No implementation for release track [GA] for element: [/usr/lib/google-cloud-sdk/lib/surface/edge_container]
2021-07-22 05:38:10,521 DEBUG    root            No implementation for release track [GA] for element: [/usr/lib/google-cloud-sdk/lib/surface/bq]
2021-07-22 05:38:10,522 DEBUG    root            No implementation for release track [GA] for element: [/usr/lib/google-cloud-sdk/lib/surface/essential_contacts]
2021-07-22 05:38:10,524 DEBUG    root            Loaded Command Group: ['gcloud', 'api_gateway']
2021-07-22 05:38:10,529 DEBUG    root            Loaded Command Group: ['gcloud', 'assured']
2021-07-22 05:38:10,536 DEBUG    root            Loaded Command Group: ['gcloud', 'debug']
2021-07-22 05:38:10,541 DEBUG    root            Loaded Command Group: ['gcloud', 'cheat_sheet']
2021-07-22 05:38:10,544 DEBUG    root            Loaded Command Group: ['gcloud', 'billing']
2021-07-22 05:38:10,549 DEBUG    root            Loaded Command Group: ['gcloud', 'firestore']
2021-07-22 05:38:10,556 DEBUG    root            Loaded Command Group: ['gcloud', 'builds']
2021-07-22 05:38:10,561 DEBUG    root            Loaded Command Group: ['gcloud', 'iot']
2021-07-22 05:38:10,566 DEBUG    root            Loaded Command Group: ['gcloud', 'notebooks']
2021-07-22 05:38:10,570 DEBUG    root            No implementation for release track [GA] for element: [/usr/lib/google-cloud-sdk/lib/surface/labelmanager]
2021-07-22 05:38:10,572 DEBUG    root            Loaded Command Group: ['gcloud', 'filestore']
2021-07-22 05:38:10,579 DEBUG    root            No implementation for release track [GA] for element: [/usr/lib/google-cloud-sdk/lib/surface/alloydb]
2021-07-22 05:38:10,581 DEBUG    root            Loaded Command Group: ['gcloud', 'asset']
2021-07-22 05:38:10,584 DEBUG    root            No implementation for release track [GA] for element: [/usr/lib/google-cloud-sdk/lib/surface/certificate_manager]
2021-07-22 05:38:10,586 DEBUG    root            Loaded Command Group: ['gcloud', 'apigee']
2021-07-22 05:38:10,593 DEBUG    root            No implementation for release track [GA] for element: [/usr/lib/google-cloud-sdk/lib/surface/trace]
2021-07-22 05:38:10,595 DEBUG    root            Loaded Command Group: ['gcloud', 'active_directory']
2021-07-22 05:38:10,600 DEBUG    root            Loaded Command Group: ['gcloud', 'datastore']
2021-07-22 05:38:10,604 DEBUG    root            Loaded Command Group: ['gcloud', 'recommender']
2021-07-22 05:38:10,609 DEBUG    root            Loaded Command Group: ['gcloud', 'tasks']
2021-07-22 05:38:10,613 DEBUG    root            No implementation for release track [GA] for element: [/usr/lib/google-cloud-sdk/lib/surface/transfer]
2021-07-22 05:38:10,624 DEBUG    root            Loaded Command Group: ['gcloud', 'survey']
2021-07-22 05:38:10,626 DEBUG    root            Loaded Command Group: ['gcloud', 'logging']
2021-07-22 05:38:10,633 DEBUG    root            Loaded Command Group: ['gcloud', 'topic']
2021-07-22 05:38:10,636 DEBUG    root            No implementation for release track [GA] for element: [/usr/lib/google-cloud-sdk/lib/surface/dialogflow]
2021-07-22 05:38:10,638 DEBUG    root            No implementation for release track [GA] for element: [/usr/lib/google-cloud-sdk/lib/surface/kuberun]
2021-07-22 05:38:10,639 DEBUG    root            No implementation for release track [GA] for element: [/usr/lib/google-cloud-sdk/lib/surface/network_security]
2021-07-22 05:38:10,641 DEBUG    root            Loaded Command Group: ['gcloud', 'ml']
2021-07-22 05:38:10,646 DEBUG    root            Loaded Command Group: ['gcloud', 'artifacts']
2021-07-22 05:38:10,695 DEBUG    root            Loaded Command Group: ['gcloud', 'policy_troubleshoot']
2021-07-22 05:38:10,701 DEBUG    root            Loaded Command Group: ['gcloud', 'docker']
2021-07-22 05:38:10,704 DEBUG    root            Loaded Command Group: ['gcloud', 'endpoints']
2021-07-22 05:38:10,709 DEBUG    root            Loaded Command Group: ['gcloud', 'deployment_manager']
2021-07-22 05:38:10,714 DEBUG    root            No implementation for release track [GA] for element: [/usr/lib/google-cloud-sdk/lib/surface/commerce_procurement]
2021-07-22 05:38:10,716 DEBUG    root            Loaded Command Group: ['gcloud', 'edge_cache']
2021-07-22 05:38:10,721 DEBUG    root            Loaded Command Group: ['gcloud', 'bigtable']
2021-07-22 05:38:10,727 DEBUG    root            No implementation for release track [GA] for element: [/usr/lib/google-cloud-sdk/lib/surface/deploy]
2021-07-22 05:38:10,728 DEBUG    root            Loaded Command Group: ['gcloud', 'service_directory']
2021-07-22 05:38:10,733 DEBUG    root            No implementation for release track [GA] for element: [/usr/lib/google-cloud-sdk/lib/surface/web_security_scanner]
2021-07-22 05:38:10,734 DEBUG    root            No implementation for release track [GA] for element: [/usr/lib/google-cloud-sdk/lib/surface/resource_config]
2021-07-22 05:38:10,736 DEBUG    root            Loaded Command Group: ['gcloud', 'org_policies']
2021-07-22 05:38:10,738 DEBUG    root            Loaded Command Group: ['gcloud', 'identity']
2021-07-22 05:38:10,744 DEBUG    root            Loaded Command Group: ['gcloud', 'functions']
2021-07-22 05:38:10,748 DEBUG    root            Loaded Command Group: ['gcloud', 'app']
