2021-07-22 07:14:49,011 DEBUG    root            Loaded Command Group: ['gcloud', 'ai_platform']
2021-07-22 07:14:49,013 DEBUG    root            Loaded Command Group: ['gcloud', 'ai-platform', 'jobs']
2021-07-22 07:14:49,028 DEBUG    root            Loaded Command Group: ['gcloud', 'ai-platform', 'jobs', 'describe']
2021-07-22 07:14:49,036 DEBUG    root            Running [gcloud.ai-platform.jobs.describe] with arguments: [JOB: "census_210722_071201"]
2021-07-22 07:14:49,053 DEBUG    google.auth.transport.requests Making request: GET http://metadata.google.internal/computeMetadata/v1/instance/service-accounts/114789316337-compute@developer.gserviceaccount.com/?recursive=true
2021-07-22 07:14:49,056 DEBUG    urllib3.connectionpool Starting new HTTP connection (1): metadata.google.internal:80
2021-07-22 07:14:49,058 DEBUG    urllib3.connectionpool http://metadata.google.internal:80 "GET /computeMetadata/v1/instance/service-accounts/114789316337-compute@developer.gserviceaccount.com/?recursive=true HTTP/1.1" 200 155
2021-07-22 07:14:49,059 DEBUG    google.auth.transport.requests Making request: GET http://metadata.google.internal/computeMetadata/v1/instance/service-accounts/114789316337-compute@developer.gserviceaccount.com/token
2021-07-22 07:14:49,062 DEBUG    urllib3.connectionpool http://metadata.google.internal:80 "GET /computeMetadata/v1/instance/service-accounts/114789316337-compute@developer.gserviceaccount.com/token HTTP/1.1" 200 251
2021-07-22 07:14:49,078 DEBUG    google.auth.transport.requests Making request: GET http://metadata.google.internal/computeMetadata/v1/instance/service-accounts/114789316337-compute@developer.gserviceaccount.com/?recursive=true
2021-07-22 07:14:49,080 DEBUG    urllib3.connectionpool Starting new HTTP connection (1): metadata.google.internal:80
2021-07-22 07:14:49,082 DEBUG    urllib3.connectionpool http://metadata.google.internal:80 "GET /computeMetadata/v1/instance/service-accounts/114789316337-compute@developer.gserviceaccount.com/?recursive=true HTTP/1.1" 200 155
2021-07-22 07:14:49,082 DEBUG    google.auth.transport.requests Making request: GET http://metadata.google.internal/computeMetadata/v1/instance/service-accounts/114789316337-compute@developer.gserviceaccount.com/token
2021-07-22 07:14:49,085 DEBUG    urllib3.connectionpool http://metadata.google.internal:80 "GET /computeMetadata/v1/instance/service-accounts/114789316337-compute@developer.gserviceaccount.com/token HTTP/1.1" 200 251
2021-07-22 07:14:49,101 DEBUG    urllib3.connectionpool Starting new HTTPS connection (1): ml.googleapis.com:443
2021-07-22 07:14:49,437 DEBUG    urllib3.connectionpool https://ml.googleapis.com:443 "GET /v1/projects/ultra-evening-318614/jobs/census_210722_071201?alt=json HTTP/1.1" 200 None
2021-07-22 07:14:49,441 INFO     root            Display format: "default"
2021-07-22 07:14:49,446 INFO     ___FILE_ONLY___ createTime
2021-07-22 07:14:49,446 INFO     ___FILE_ONLY___ :
2021-07-22 07:14:49,446 INFO     ___FILE_ONLY___  '
2021-07-22 07:14:49,447 INFO     ___FILE_ONLY___ 2021-07-22T07:12:04Z
2021-07-22 07:14:49,447 INFO     ___FILE_ONLY___ '
2021-07-22 07:14:49,447 INFO     ___FILE_ONLY___ 

2021-07-22 07:14:49,447 INFO     ___FILE_ONLY___ etag
2021-07-22 07:14:49,448 INFO     ___FILE_ONLY___ :
2021-07-22 07:14:49,448 INFO     ___FILE_ONLY___  
2021-07-22 07:14:49,448 INFO     ___FILE_ONLY___ FP37tuMiVPM=
2021-07-22 07:14:49,448 INFO     ___FILE_ONLY___ 

2021-07-22 07:14:49,449 INFO     ___FILE_ONLY___ jobId
2021-07-22 07:14:49,449 INFO     ___FILE_ONLY___ :
2021-07-22 07:14:49,449 INFO     ___FILE_ONLY___  
2021-07-22 07:14:49,449 INFO     ___FILE_ONLY___ census_210722_071201
2021-07-22 07:14:49,450 INFO     ___FILE_ONLY___ 

2021-07-22 07:14:49,450 INFO     ___FILE_ONLY___ startTime
2021-07-22 07:14:49,450 INFO     ___FILE_ONLY___ :
2021-07-22 07:14:49,450 INFO     ___FILE_ONLY___  '
2021-07-22 07:14:49,451 INFO     ___FILE_ONLY___ 2021-07-22T07:13:02Z
2021-07-22 07:14:49,451 INFO     ___FILE_ONLY___ '
2021-07-22 07:14:49,451 INFO     ___FILE_ONLY___ 

2021-07-22 07:14:49,451 INFO     ___FILE_ONLY___ state
2021-07-22 07:14:49,464 INFO     ___FILE_ONLY___ :
2021-07-22 07:14:49,464 INFO     ___FILE_ONLY___  
2021-07-22 07:14:49,464 INFO     ___FILE_ONLY___ RUNNING
2021-07-22 07:14:49,465 INFO     ___FILE_ONLY___ 

2021-07-22 07:14:49,465 INFO     ___FILE_ONLY___ trainingInput
2021-07-22 07:14:49,465 INFO     ___FILE_ONLY___ :
2021-07-22 07:14:49,467 INFO     ___FILE_ONLY___ 

2021-07-22 07:14:49,467 INFO     ___FILE_ONLY___   
2021-07-22 07:14:49,468 INFO     ___FILE_ONLY___ args
2021-07-22 07:14:49,468 INFO     ___FILE_ONLY___ :
2021-07-22 07:14:49,468 INFO     ___FILE_ONLY___ 

2021-07-22 07:14:49,469 INFO     ___FILE_ONLY___   
2021-07-22 07:14:49,469 INFO     ___FILE_ONLY___ -
2021-07-22 07:14:49,469 INFO     ___FILE_ONLY___  
2021-07-22 07:14:49,469 INFO     ___FILE_ONLY___ --train-files
2021-07-22 07:14:49,469 INFO     ___FILE_ONLY___ 

2021-07-22 07:14:49,470 INFO     ___FILE_ONLY___   
2021-07-22 07:14:49,470 INFO     ___FILE_ONLY___ -
2021-07-22 07:14:49,470 INFO     ___FILE_ONLY___  
2021-07-22 07:14:49,471 INFO     ___FILE_ONLY___ --eval-files
2021-07-22 07:14:49,471 INFO     ___FILE_ONLY___ 

2021-07-22 07:14:49,471 INFO     ___FILE_ONLY___   
2021-07-22 07:14:49,471 INFO     ___FILE_ONLY___ -
2021-07-22 07:14:49,471 INFO     ___FILE_ONLY___  
2021-07-22 07:14:49,472 INFO     ___FILE_ONLY___ --train-steps
2021-07-22 07:14:49,472 INFO     ___FILE_ONLY___ 

2021-07-22 07:14:49,472 INFO     ___FILE_ONLY___   
2021-07-22 07:14:49,472 INFO     ___FILE_ONLY___ -
2021-07-22 07:14:49,473 INFO     ___FILE_ONLY___  
2021-07-22 07:14:49,473 INFO     ___FILE_ONLY___ '
2021-07-22 07:14:49,473 INFO     ___FILE_ONLY___ 1000
2021-07-22 07:14:49,473 INFO     ___FILE_ONLY___ '
2021-07-22 07:14:49,473 INFO     ___FILE_ONLY___ 

2021-07-22 07:14:49,475 INFO     ___FILE_ONLY___   
2021-07-22 07:14:49,475 INFO     ___FILE_ONLY___ -
2021-07-22 07:14:49,475 INFO     ___FILE_ONLY___  
2021-07-22 07:14:49,475 INFO     ___FILE_ONLY___ --eval-steps
2021-07-22 07:14:49,475 INFO     ___FILE_ONLY___ 

2021-07-22 07:14:49,476 INFO     ___FILE_ONLY___   
2021-07-22 07:14:49,476 INFO     ___FILE_ONLY___ -
2021-07-22 07:14:49,476 INFO     ___FILE_ONLY___  
2021-07-22 07:14:49,476 INFO     ___FILE_ONLY___ '
2021-07-22 07:14:49,476 INFO     ___FILE_ONLY___ 100
2021-07-22 07:14:49,476 INFO     ___FILE_ONLY___ '
2021-07-22 07:14:49,477 INFO     ___FILE_ONLY___ 

2021-07-22 07:14:49,477 INFO     ___FILE_ONLY___   
2021-07-22 07:14:49,477 INFO     ___FILE_ONLY___ -
2021-07-22 07:14:49,477 INFO     ___FILE_ONLY___  
2021-07-22 07:14:49,477 INFO     ___FILE_ONLY___ --verbosity
2021-07-22 07:14:49,478 INFO     ___FILE_ONLY___ 

2021-07-22 07:14:49,478 INFO     ___FILE_ONLY___   
2021-07-22 07:14:49,478 INFO     ___FILE_ONLY___ -
2021-07-22 07:14:49,478 INFO     ___FILE_ONLY___  
2021-07-22 07:14:49,478 INFO     ___FILE_ONLY___ DEBUG
2021-07-22 07:14:49,479 INFO     ___FILE_ONLY___ 

2021-07-22 07:14:49,479 INFO     ___FILE_ONLY___   
2021-07-22 07:14:49,479 INFO     ___FILE_ONLY___ jobDir
2021-07-22 07:14:49,479 INFO     ___FILE_ONLY___ :
2021-07-22 07:14:49,480 INFO     ___FILE_ONLY___  
2021-07-22 07:14:49,481 INFO     ___FILE_ONLY___ gs://ultra-evening-318614-aiplatform/census_210722_071201
2021-07-22 07:14:49,481 INFO     ___FILE_ONLY___ 

2021-07-22 07:14:49,491 INFO     ___FILE_ONLY___   
2021-07-22 07:14:49,492 INFO     ___FILE_ONLY___ packageUris
2021-07-22 07:14:49,492 INFO     ___FILE_ONLY___ :
2021-07-22 07:14:49,492 INFO     ___FILE_ONLY___ 

2021-07-22 07:14:49,492 INFO     ___FILE_ONLY___   
2021-07-22 07:14:49,492 INFO     ___FILE_ONLY___ -
2021-07-22 07:14:49,493 INFO     ___FILE_ONLY___  
2021-07-22 07:14:49,493 INFO     ___FILE_ONLY___ gs://ultra-evening-318614-aiplatform/census_210722_071201/packages/3e46ae11a2fb3fa49389860384a1ad0f3dee66517ed6dc122d5a92e3694a15d5/trainer-0.0.0.tar.gz
2021-07-22 07:14:49,493 INFO     ___FILE_ONLY___ 

2021-07-22 07:14:49,494 INFO     ___FILE_ONLY___   
2021-07-22 07:14:49,494 INFO     ___FILE_ONLY___ pythonModule
2021-07-22 07:14:49,495 INFO     ___FILE_ONLY___ :
2021-07-22 07:14:49,495 INFO     ___FILE_ONLY___  
2021-07-22 07:14:49,495 INFO     ___FILE_ONLY___ trainer.task
2021-07-22 07:14:49,495 INFO     ___FILE_ONLY___ 

2021-07-22 07:14:49,495 INFO     ___FILE_ONLY___   
2021-07-22 07:14:49,496 INFO     ___FILE_ONLY___ pythonVersion
2021-07-22 07:14:49,496 INFO     ___FILE_ONLY___ :
2021-07-22 07:14:49,496 INFO     ___FILE_ONLY___  '
2021-07-22 07:14:49,496 INFO     ___FILE_ONLY___ 3.7
2021-07-22 07:14:49,497 INFO     ___FILE_ONLY___ '
2021-07-22 07:14:49,497 INFO     ___FILE_ONLY___ 

2021-07-22 07:14:49,497 INFO     ___FILE_ONLY___   
2021-07-22 07:14:49,497 INFO     ___FILE_ONLY___ region
2021-07-22 07:14:49,497 INFO     ___FILE_ONLY___ :
2021-07-22 07:14:49,498 INFO     ___FILE_ONLY___  
2021-07-22 07:14:49,498 INFO     ___FILE_ONLY___ us-central1
2021-07-22 07:14:49,498 INFO     ___FILE_ONLY___ 

2021-07-22 07:14:49,498 INFO     ___FILE_ONLY___   
2021-07-22 07:14:49,499 INFO     ___FILE_ONLY___ runtimeVersion
2021-07-22 07:14:49,499 INFO     ___FILE_ONLY___ :
2021-07-22 07:14:49,499 INFO     ___FILE_ONLY___  '
2021-07-22 07:14:49,499 INFO     ___FILE_ONLY___ 2.1
2021-07-22 07:14:49,499 INFO     ___FILE_ONLY___ '
2021-07-22 07:14:49,500 INFO     ___FILE_ONLY___ 

2021-07-22 07:14:49,500 INFO     ___FILE_ONLY___ trainingOutput
2021-07-22 07:14:49,500 INFO     ___FILE_ONLY___ :
2021-07-22 07:14:49,501 INFO     ___FILE_ONLY___ 

2021-07-22 07:14:49,501 INFO     ___FILE_ONLY___   
2021-07-22 07:14:49,501 INFO     ___FILE_ONLY___ consumedMLUnits
2021-07-22 07:14:49,501 INFO     ___FILE_ONLY___ :
2021-07-22 07:14:49,502 INFO     ___FILE_ONLY___  
2021-07-22 07:14:49,502 INFO     ___FILE_ONLY___ 0.01
2021-07-22 07:14:49,502 INFO     ___FILE_ONLY___ 

2021-07-22 07:14:49,516 INFO     ___FILE_ONLY___ 
View job in the Cloud Console at:
https://console.cloud.google.com/mlengine/jobs/census_210722_071201?project=ultra-evening-318614

2021-07-22 07:14:49,519 INFO     ___FILE_ONLY___ 
View logs at:
https://console.cloud.google.com/logs?resource=ml_job%2Fjob_id%2Fcensus_210722_071201&project=ultra-evening-318614

2021-07-22 07:14:49,522 DEBUG    root            SDK update checks are disabled.
