2021-07-22 07:15:58,568 DEBUG    root            Loaded Command Group: ['gcloud', 'ai_platform']
2021-07-22 07:15:58,569 DEBUG    root            Loaded Command Group: ['gcloud', 'ai-platform', 'jobs']
2021-07-22 07:15:58,579 DEBUG    root            Loaded Command Group: ['gcloud', 'ai-platform', 'jobs', 'describe']
2021-07-22 07:15:58,585 DEBUG    root            Running [gcloud.ai-platform.jobs.describe] with arguments: [JOB: "census_210722_071201"]
2021-07-22 07:15:58,597 DEBUG    google.auth.transport.requests Making request: GET http://metadata.google.internal/computeMetadata/v1/instance/service-accounts/114789316337-compute@developer.gserviceaccount.com/?recursive=true
2021-07-22 07:15:58,600 DEBUG    urllib3.connectionpool Starting new HTTP connection (1): metadata.google.internal:80
2021-07-22 07:15:58,601 DEBUG    urllib3.connectionpool http://metadata.google.internal:80 "GET /computeMetadata/v1/instance/service-accounts/114789316337-compute@developer.gserviceaccount.com/?recursive=true HTTP/1.1" 200 155
2021-07-22 07:15:58,602 DEBUG    google.auth.transport.requests Making request: GET http://metadata.google.internal/computeMetadata/v1/instance/service-accounts/114789316337-compute@developer.gserviceaccount.com/token
2021-07-22 07:15:58,604 DEBUG    urllib3.connectionpool http://metadata.google.internal:80 "GET /computeMetadata/v1/instance/service-accounts/114789316337-compute@developer.gserviceaccount.com/token HTTP/1.1" 200 251
2021-07-22 07:15:58,616 DEBUG    google.auth.transport.requests Making request: GET http://metadata.google.internal/computeMetadata/v1/instance/service-accounts/114789316337-compute@developer.gserviceaccount.com/?recursive=true
2021-07-22 07:15:58,617 DEBUG    urllib3.connectionpool Starting new HTTP connection (1): metadata.google.internal:80
2021-07-22 07:15:58,618 DEBUG    urllib3.connectionpool http://metadata.google.internal:80 "GET /computeMetadata/v1/instance/service-accounts/114789316337-compute@developer.gserviceaccount.com/?recursive=true HTTP/1.1" 200 155
2021-07-22 07:15:58,619 DEBUG    google.auth.transport.requests Making request: GET http://metadata.google.internal/computeMetadata/v1/instance/service-accounts/114789316337-compute@developer.gserviceaccount.com/token
2021-07-22 07:15:58,621 DEBUG    urllib3.connectionpool http://metadata.google.internal:80 "GET /computeMetadata/v1/instance/service-accounts/114789316337-compute@developer.gserviceaccount.com/token HTTP/1.1" 200 251
2021-07-22 07:15:58,632 DEBUG    urllib3.connectionpool Starting new HTTPS connection (1): ml.googleapis.com:443
2021-07-22 07:15:58,927 DEBUG    urllib3.connectionpool https://ml.googleapis.com:443 "GET /v1/projects/ultra-evening-318614/jobs/census_210722_071201?alt=json HTTP/1.1" 200 None
2021-07-22 07:15:58,930 INFO     root            Display format: "default"
2021-07-22 07:15:58,933 INFO     ___FILE_ONLY___ createTime
2021-07-22 07:15:58,934 INFO     ___FILE_ONLY___ :
2021-07-22 07:15:58,934 INFO     ___FILE_ONLY___  '
2021-07-22 07:15:58,934 INFO     ___FILE_ONLY___ 2021-07-22T07:12:04Z
2021-07-22 07:15:58,934 INFO     ___FILE_ONLY___ '
2021-07-22 07:15:58,934 INFO     ___FILE_ONLY___ 

2021-07-22 07:15:58,934 INFO     ___FILE_ONLY___ etag
2021-07-22 07:15:58,935 INFO     ___FILE_ONLY___ :
2021-07-22 07:15:58,935 INFO     ___FILE_ONLY___  
2021-07-22 07:15:58,935 INFO     ___FILE_ONLY___ FP37tuMiVPM=
2021-07-22 07:15:58,935 INFO     ___FILE_ONLY___ 

2021-07-22 07:15:58,936 INFO     ___FILE_ONLY___ jobId
2021-07-22 07:15:58,936 INFO     ___FILE_ONLY___ :
2021-07-22 07:15:58,936 INFO     ___FILE_ONLY___  
2021-07-22 07:15:58,936 INFO     ___FILE_ONLY___ census_210722_071201
2021-07-22 07:15:58,936 INFO     ___FILE_ONLY___ 

2021-07-22 07:15:58,936 INFO     ___FILE_ONLY___ startTime
2021-07-22 07:15:58,936 INFO     ___FILE_ONLY___ :
2021-07-22 07:15:58,937 INFO     ___FILE_ONLY___  '
2021-07-22 07:15:58,937 INFO     ___FILE_ONLY___ 2021-07-22T07:13:02Z
2021-07-22 07:15:58,937 INFO     ___FILE_ONLY___ '
2021-07-22 07:15:58,937 INFO     ___FILE_ONLY___ 

2021-07-22 07:15:58,937 INFO     ___FILE_ONLY___ state
2021-07-22 07:15:58,937 INFO     ___FILE_ONLY___ :
2021-07-22 07:15:58,938 INFO     ___FILE_ONLY___  
2021-07-22 07:15:58,938 INFO     ___FILE_ONLY___ RUNNING
2021-07-22 07:15:58,938 INFO     ___FILE_ONLY___ 

2021-07-22 07:15:58,938 INFO     ___FILE_ONLY___ trainingInput
2021-07-22 07:15:58,938 INFO     ___FILE_ONLY___ :
2021-07-22 07:15:58,938 INFO     ___FILE_ONLY___ 

2021-07-22 07:15:58,938 INFO     ___FILE_ONLY___   
2021-07-22 07:15:58,939 INFO     ___FILE_ONLY___ args
2021-07-22 07:15:58,939 INFO     ___FILE_ONLY___ :
2021-07-22 07:15:58,939 INFO     ___FILE_ONLY___ 

2021-07-22 07:15:58,939 INFO     ___FILE_ONLY___   
2021-07-22 07:15:58,939 INFO     ___FILE_ONLY___ -
2021-07-22 07:15:58,939 INFO     ___FILE_ONLY___  
2021-07-22 07:15:58,939 INFO     ___FILE_ONLY___ --train-files
2021-07-22 07:15:58,940 INFO     ___FILE_ONLY___ 

2021-07-22 07:15:58,940 INFO     ___FILE_ONLY___   
2021-07-22 07:15:58,940 INFO     ___FILE_ONLY___ -
2021-07-22 07:15:58,940 INFO     ___FILE_ONLY___  
2021-07-22 07:15:58,940 INFO     ___FILE_ONLY___ --eval-files
2021-07-22 07:15:58,940 INFO     ___FILE_ONLY___ 

2021-07-22 07:15:58,940 INFO     ___FILE_ONLY___   
2021-07-22 07:15:58,940 INFO     ___FILE_ONLY___ -
2021-07-22 07:15:58,941 INFO     ___FILE_ONLY___  
2021-07-22 07:15:58,941 INFO     ___FILE_ONLY___ --train-steps
2021-07-22 07:15:58,941 INFO     ___FILE_ONLY___ 

2021-07-22 07:15:58,941 INFO     ___FILE_ONLY___   
2021-07-22 07:15:58,941 INFO     ___FILE_ONLY___ -
2021-07-22 07:15:58,941 INFO     ___FILE_ONLY___  
2021-07-22 07:15:58,941 INFO     ___FILE_ONLY___ '
2021-07-22 07:15:58,941 INFO     ___FILE_ONLY___ 1000
2021-07-22 07:15:58,941 INFO     ___FILE_ONLY___ '
2021-07-22 07:15:58,942 INFO     ___FILE_ONLY___ 

2021-07-22 07:15:58,942 INFO     ___FILE_ONLY___   
2021-07-22 07:15:58,942 INFO     ___FILE_ONLY___ -
2021-07-22 07:15:58,942 INFO     ___FILE_ONLY___  
2021-07-22 07:15:58,942 INFO     ___FILE_ONLY___ --eval-steps
2021-07-22 07:15:58,942 INFO     ___FILE_ONLY___ 

2021-07-22 07:15:58,942 INFO     ___FILE_ONLY___   
2021-07-22 07:15:58,942 INFO     ___FILE_ONLY___ -
2021-07-22 07:15:58,943 INFO     ___FILE_ONLY___  
2021-07-22 07:15:58,943 INFO     ___FILE_ONLY___ '
2021-07-22 07:15:58,943 INFO     ___FILE_ONLY___ 100
2021-07-22 07:15:58,943 INFO     ___FILE_ONLY___ '
2021-07-22 07:15:58,943 INFO     ___FILE_ONLY___ 

2021-07-22 07:15:58,943 INFO     ___FILE_ONLY___   
2021-07-22 07:15:58,943 INFO     ___FILE_ONLY___ -
2021-07-22 07:15:58,943 INFO     ___FILE_ONLY___  
2021-07-22 07:15:58,944 INFO     ___FILE_ONLY___ --verbosity
2021-07-22 07:15:58,944 INFO     ___FILE_ONLY___ 

2021-07-22 07:15:58,944 INFO     ___FILE_ONLY___   
2021-07-22 07:15:58,944 INFO     ___FILE_ONLY___ -
2021-07-22 07:15:58,944 INFO     ___FILE_ONLY___  
2021-07-22 07:15:58,944 INFO     ___FILE_ONLY___ DEBUG
2021-07-22 07:15:58,944 INFO     ___FILE_ONLY___ 

2021-07-22 07:15:58,944 INFO     ___FILE_ONLY___   
2021-07-22 07:15:58,945 INFO     ___FILE_ONLY___ jobDir
2021-07-22 07:15:58,945 INFO     ___FILE_ONLY___ :
2021-07-22 07:15:58,945 INFO     ___FILE_ONLY___  
2021-07-22 07:15:58,945 INFO     ___FILE_ONLY___ gs://ultra-evening-318614-aiplatform/census_210722_071201
2021-07-22 07:15:58,945 INFO     ___FILE_ONLY___ 

2021-07-22 07:15:58,945 INFO     ___FILE_ONLY___   
2021-07-22 07:15:58,945 INFO     ___FILE_ONLY___ packageUris
2021-07-22 07:15:58,946 INFO     ___FILE_ONLY___ :
2021-07-22 07:15:58,946 INFO     ___FILE_ONLY___ 

2021-07-22 07:15:58,946 INFO     ___FILE_ONLY___   
2021-07-22 07:15:58,946 INFO     ___FILE_ONLY___ -
2021-07-22 07:15:58,946 INFO     ___FILE_ONLY___  
2021-07-22 07:15:58,947 INFO     ___FILE_ONLY___ gs://ultra-evening-318614-aiplatform/census_210722_071201/packages/3e46ae11a2fb3fa49389860384a1ad0f3dee66517ed6dc122d5a92e3694a15d5/trainer-0.0.0.tar.gz
2021-07-22 07:15:58,947 INFO     ___FILE_ONLY___ 

2021-07-22 07:15:58,947 INFO     ___FILE_ONLY___   
2021-07-22 07:15:58,947 INFO     ___FILE_ONLY___ pythonModule
2021-07-22 07:15:58,947 INFO     ___FILE_ONLY___ :
2021-07-22 07:15:58,947 INFO     ___FILE_ONLY___  
2021-07-22 07:15:58,947 INFO     ___FILE_ONLY___ trainer.task
2021-07-22 07:15:58,948 INFO     ___FILE_ONLY___ 

2021-07-22 07:15:58,948 INFO     ___FILE_ONLY___   
2021-07-22 07:15:58,948 INFO     ___FILE_ONLY___ pythonVersion
2021-07-22 07:15:58,948 INFO     ___FILE_ONLY___ :
2021-07-22 07:15:58,948 INFO     ___FILE_ONLY___  '
2021-07-22 07:15:58,948 INFO     ___FILE_ONLY___ 3.7
2021-07-22 07:15:58,948 INFO     ___FILE_ONLY___ '
2021-07-22 07:15:58,948 INFO     ___FILE_ONLY___ 

2021-07-22 07:15:58,949 INFO     ___FILE_ONLY___   
2021-07-22 07:15:58,949 INFO     ___FILE_ONLY___ region
2021-07-22 07:15:58,949 INFO     ___FILE_ONLY___ :
2021-07-22 07:15:58,949 INFO     ___FILE_ONLY___  
2021-07-22 07:15:58,949 INFO     ___FILE_ONLY___ us-central1
2021-07-22 07:15:58,949 INFO     ___FILE_ONLY___ 

2021-07-22 07:15:58,949 INFO     ___FILE_ONLY___   
2021-07-22 07:15:58,950 INFO     ___FILE_ONLY___ runtimeVersion
2021-07-22 07:15:58,950 INFO     ___FILE_ONLY___ :
2021-07-22 07:15:58,950 INFO     ___FILE_ONLY___  '
2021-07-22 07:15:58,950 INFO     ___FILE_ONLY___ 2.1
2021-07-22 07:15:58,950 INFO     ___FILE_ONLY___ '
2021-07-22 07:15:58,950 INFO     ___FILE_ONLY___ 

2021-07-22 07:15:58,950 INFO     ___FILE_ONLY___ trainingOutput
2021-07-22 07:15:58,951 INFO     ___FILE_ONLY___ :
2021-07-22 07:15:58,951 INFO     ___FILE_ONLY___ 

2021-07-22 07:15:58,951 INFO     ___FILE_ONLY___   
2021-07-22 07:15:58,951 INFO     ___FILE_ONLY___ consumedMLUnits
2021-07-22 07:15:58,951 INFO     ___FILE_ONLY___ :
2021-07-22 07:15:58,951 INFO     ___FILE_ONLY___  
2021-07-22 07:15:58,951 INFO     ___FILE_ONLY___ 0.01
2021-07-22 07:15:58,952 INFO     ___FILE_ONLY___ 

2021-07-22 07:15:58,954 INFO     ___FILE_ONLY___ 
View job in the Cloud Console at:
https://console.cloud.google.com/mlengine/jobs/census_210722_071201?project=ultra-evening-318614

2021-07-22 07:15:58,954 INFO     ___FILE_ONLY___ 
View logs at:
https://console.cloud.google.com/logs?resource=ml_job%2Fjob_id%2Fcensus_210722_071201&project=ultra-evening-318614

2021-07-22 07:15:58,955 DEBUG    root            SDK update checks are disabled.
