2021-07-22 07:27:55,289 DEBUG    root            Loaded Command Group: ['gcloud', 'ai_platform']
2021-07-22 07:27:55,291 DEBUG    root            Loaded Command Group: ['gcloud', 'ai-platform', 'models']
2021-07-22 07:27:55,295 DEBUG    root            Loaded Command Group: ['gcloud', 'ai-platform', 'models', 'create']
2021-07-22 07:27:55,303 DEBUG    root            Running [gcloud.ai-platform.models.create] with arguments: [--regions: "['us-central1']", MODEL: "census"]
2021-07-22 07:27:55,307 INFO     ___FILE_ONLY___ Using endpoint [https://ml.googleapis.com/]

2021-07-22 07:27:55,321 DEBUG    google.auth.transport.requests Making request: GET http://metadata.google.internal/computeMetadata/v1/instance/service-accounts/114789316337-compute@developer.gserviceaccount.com/?recursive=true
2021-07-22 07:27:55,325 DEBUG    urllib3.connectionpool Starting new HTTP connection (1): metadata.google.internal:80
2021-07-22 07:27:55,327 DEBUG    urllib3.connectionpool http://metadata.google.internal:80 "GET /computeMetadata/v1/instance/service-accounts/114789316337-compute@developer.gserviceaccount.com/?recursive=true HTTP/1.1" 200 155
2021-07-22 07:27:55,328 DEBUG    google.auth.transport.requests Making request: GET http://metadata.google.internal/computeMetadata/v1/instance/service-accounts/114789316337-compute@developer.gserviceaccount.com/token
2021-07-22 07:27:55,331 DEBUG    urllib3.connectionpool http://metadata.google.internal:80 "GET /computeMetadata/v1/instance/service-accounts/114789316337-compute@developer.gserviceaccount.com/token HTTP/1.1" 200 250
2021-07-22 07:27:55,344 DEBUG    google.auth.transport.requests Making request: GET http://metadata.google.internal/computeMetadata/v1/instance/service-accounts/114789316337-compute@developer.gserviceaccount.com/?recursive=true
2021-07-22 07:27:55,346 DEBUG    urllib3.connectionpool Starting new HTTP connection (1): metadata.google.internal:80
2021-07-22 07:27:55,348 DEBUG    urllib3.connectionpool http://metadata.google.internal:80 "GET /computeMetadata/v1/instance/service-accounts/114789316337-compute@developer.gserviceaccount.com/?recursive=true HTTP/1.1" 200 155
2021-07-22 07:27:55,348 DEBUG    google.auth.transport.requests Making request: GET http://metadata.google.internal/computeMetadata/v1/instance/service-accounts/114789316337-compute@developer.gserviceaccount.com/token
2021-07-22 07:27:55,351 DEBUG    urllib3.connectionpool http://metadata.google.internal:80 "GET /computeMetadata/v1/instance/service-accounts/114789316337-compute@developer.gserviceaccount.com/token HTTP/1.1" 200 250
2021-07-22 07:27:55,362 DEBUG    urllib3.connectionpool Starting new HTTPS connection (1): ml.googleapis.com:443
2021-07-22 07:27:55,997 DEBUG    urllib3.connectionpool https://ml.googleapis.com:443 "POST /v1/projects/ultra-evening-318614/models?alt=json HTTP/1.1" 200 None
2021-07-22 07:27:55,999 INFO     ___FILE_ONLY___ Created ai platform model [projects/ultra-evening-318614/models/census].

2021-07-22 07:27:56,000 INFO     root            Display format: "none"
2021-07-22 07:27:56,000 DEBUG    root            SDK update checks are disabled.
