2021-07-22 07:32:02,683 DEBUG    root            Loaded Command Group: ['gcloud', 'ai_platform']
2021-07-22 07:32:02,686 DEBUG    root            Loaded Command Group: ['gcloud', 'ai-platform', 'predict']
2021-07-22 07:32:02,695 DEBUG    root            Running [gcloud.ai-platform.predict] with arguments: [--json-instances: "./test.json", --model: "census", --region: "global", --version: "v1"]
2021-07-22 07:32:02,699 INFO     ___FILE_ONLY___ Using endpoint [https://ml.googleapis.com/]

2021-07-22 07:32:02,720 DEBUG    google.auth.transport.requests Making request: GET http://metadata.google.internal/computeMetadata/v1/instance/service-accounts/114789316337-compute@developer.gserviceaccount.com/?recursive=true
2021-07-22 07:32:02,724 DEBUG    urllib3.connectionpool Starting new HTTP connection (1): metadata.google.internal:80
2021-07-22 07:32:02,725 DEBUG    urllib3.connectionpool http://metadata.google.internal:80 "GET /computeMetadata/v1/instance/service-accounts/114789316337-compute@developer.gserviceaccount.com/?recursive=true HTTP/1.1" 200 155
2021-07-22 07:32:02,726 DEBUG    google.auth.transport.requests Making request: GET http://metadata.google.internal/computeMetadata/v1/instance/service-accounts/114789316337-compute@developer.gserviceaccount.com/token
2021-07-22 07:32:02,730 DEBUG    urllib3.connectionpool http://metadata.google.internal:80 "GET /computeMetadata/v1/instance/service-accounts/114789316337-compute@developer.gserviceaccount.com/token HTTP/1.1" 200 250
2021-07-22 07:32:02,744 DEBUG    google.auth.transport.requests Making request: GET http://metadata.google.internal/computeMetadata/v1/instance/service-accounts/114789316337-compute@developer.gserviceaccount.com/?recursive=true
2021-07-22 07:32:02,747 DEBUG    urllib3.connectionpool Starting new HTTP connection (1): metadata.google.internal:80
2021-07-22 07:32:02,748 DEBUG    urllib3.connectionpool http://metadata.google.internal:80 "GET /computeMetadata/v1/instance/service-accounts/114789316337-compute@developer.gserviceaccount.com/?recursive=true HTTP/1.1" 200 155
2021-07-22 07:32:02,749 DEBUG    google.auth.transport.requests Making request: GET http://metadata.google.internal/computeMetadata/v1/instance/service-accounts/114789316337-compute@developer.gserviceaccount.com/token
2021-07-22 07:32:02,752 DEBUG    urllib3.connectionpool http://metadata.google.internal:80 "GET /computeMetadata/v1/instance/service-accounts/114789316337-compute@developer.gserviceaccount.com/token HTTP/1.1" 200 250
2021-07-22 07:32:02,760 DEBUG    urllib3.connectionpool Starting new HTTPS connection (1): ml.googleapis.com:443
2021-07-22 07:32:03,059 DEBUG    urllib3.connectionpool https://ml.googleapis.com:443 "GET /v1/projects/ultra-evening-318614/models/census/versions/v1?alt=json HTTP/1.1" 200 None
2021-07-22 07:32:03,068 DEBUG    google.auth.transport.requests Making request: GET http://metadata.google.internal/computeMetadata/v1/instance/service-accounts/114789316337-compute@developer.gserviceaccount.com/?recursive=true
2021-07-22 07:32:03,070 DEBUG    urllib3.connectionpool Starting new HTTP connection (1): metadata.google.internal:80
2021-07-22 07:32:03,072 DEBUG    urllib3.connectionpool http://metadata.google.internal:80 "GET /computeMetadata/v1/instance/service-accounts/114789316337-compute@developer.gserviceaccount.com/?recursive=true HTTP/1.1" 200 155
2021-07-22 07:32:03,073 DEBUG    google.auth.transport.requests Making request: GET http://metadata.google.internal/computeMetadata/v1/instance/service-accounts/114789316337-compute@developer.gserviceaccount.com/token
2021-07-22 07:32:03,076 DEBUG    urllib3.connectionpool http://metadata.google.internal:80 "GET /computeMetadata/v1/instance/service-accounts/114789316337-compute@developer.gserviceaccount.com/token HTTP/1.1" 200 250
2021-07-22 07:32:03,083 DEBUG    google.auth.transport.requests Making request: GET http://metadata.google.internal/computeMetadata/v1/instance/service-accounts/114789316337-compute@developer.gserviceaccount.com/?recursive=true
2021-07-22 07:32:03,086 DEBUG    urllib3.connectionpool Starting new HTTP connection (1): metadata.google.internal:80
2021-07-22 07:32:03,087 DEBUG    urllib3.connectionpool http://metadata.google.internal:80 "GET /computeMetadata/v1/instance/service-accounts/114789316337-compute@developer.gserviceaccount.com/?recursive=true HTTP/1.1" 200 155
2021-07-22 07:32:03,088 DEBUG    google.auth.transport.requests Making request: GET http://metadata.google.internal/computeMetadata/v1/instance/service-accounts/114789316337-compute@developer.gserviceaccount.com/token
2021-07-22 07:32:03,091 DEBUG    urllib3.connectionpool http://metadata.google.internal:80 "GET /computeMetadata/v1/instance/service-accounts/114789316337-compute@developer.gserviceaccount.com/token HTTP/1.1" 200 250
2021-07-22 07:32:03,095 DEBUG    urllib3.connectionpool Starting new HTTPS connection (1): ml.googleapis.com:443
2021-07-22 07:32:04,114 DEBUG    urllib3.connectionpool https://ml.googleapis.com:443 "POST /v1/projects/ultra-evening-318614/models/census/versions/v1:predict HTTP/1.1" 200 None
2021-07-22 07:32:04,116 INFO     root            Display format: "default 
          table(
              predictions:format="table(
                  dense_4
              )"
          )"
2021-07-22 07:32:04,117 INFO     ___FILE_ONLY___ DENSE_4
2021-07-22 07:32:04,117 INFO     ___FILE_ONLY___ 

2021-07-22 07:32:04,117 INFO     ___FILE_ONLY___ [0.010073401965200901]
2021-07-22 07:32:04,117 INFO     ___FILE_ONLY___ 

2021-07-22 07:32:04,117 INFO     ___FILE_ONLY___ [0.1892235279083252]
2021-07-22 07:32:04,117 INFO     ___FILE_ONLY___ 

2021-07-22 07:32:04,118 INFO     ___FILE_ONLY___ [0.05750914663076401]
2021-07-22 07:32:04,118 INFO     ___FILE_ONLY___ 

2021-07-22 07:32:04,118 INFO     ___FILE_ONLY___ [0.6410590410232544]
2021-07-22 07:32:04,118 INFO     ___FILE_ONLY___ 

2021-07-22 07:32:04,118 INFO     ___FILE_ONLY___ [7.821724284440279e-05]
2021-07-22 07:32:04,118 INFO     ___FILE_ONLY___ 

2021-07-22 07:32:04,119 DEBUG    root            SDK update checks are disabled.
