2021-07-26 16:24:53,606 DEBUG    root            Loaded Command Group: ['gcloud', 'compute']
2021-07-26 16:24:53,610 DEBUG    root            Loaded Command Group: ['gcloud', 'compute', 'machine_types']
2021-07-26 16:24:53,621 DEBUG    root            Loaded Command Group: ['gcloud', 'compute', 'machine-types', 'describe']
2021-07-26 16:24:53,631 DEBUG    root            Running [gcloud.compute.machine-types.describe] with arguments: [--zone: "projects/114789316337/zones/us-west1-b", NAME: "n1-standard-2"]
2021-07-26 16:24:53,647 DEBUG    google.auth.transport.requests Making request: GET http://metadata.google.internal/computeMetadata/v1/instance/service-accounts/114789316337-compute@developer.gserviceaccount.com/?recursive=true
2021-07-26 16:24:53,650 DEBUG    urllib3.connectionpool Starting new HTTP connection (1): metadata.google.internal:80
2021-07-26 16:24:53,652 DEBUG    urllib3.connectionpool http://metadata.google.internal:80 "GET /computeMetadata/v1/instance/service-accounts/114789316337-compute@developer.gserviceaccount.com/?recursive=true HTTP/1.1" 200 155
2021-07-26 16:24:53,653 DEBUG    google.auth.transport.requests Making request: GET http://metadata.google.internal/computeMetadata/v1/instance/service-accounts/114789316337-compute@developer.gserviceaccount.com/token
2021-07-26 16:24:53,663 DEBUG    urllib3.connectionpool http://metadata.google.internal:80 "GET /computeMetadata/v1/instance/service-accounts/114789316337-compute@developer.gserviceaccount.com/token HTTP/1.1" 200 249
2021-07-26 16:24:53,678 DEBUG    google.auth.transport.requests Making request: GET http://metadata.google.internal/computeMetadata/v1/instance/service-accounts/114789316337-compute@developer.gserviceaccount.com/?recursive=true
2021-07-26 16:24:53,680 DEBUG    urllib3.connectionpool Starting new HTTP connection (1): metadata.google.internal:80
2021-07-26 16:24:53,681 DEBUG    urllib3.connectionpool http://metadata.google.internal:80 "GET /computeMetadata/v1/instance/service-accounts/114789316337-compute@developer.gserviceaccount.com/?recursive=true HTTP/1.1" 200 155
2021-07-26 16:24:53,682 DEBUG    google.auth.transport.requests Making request: GET http://metadata.google.internal/computeMetadata/v1/instance/service-accounts/114789316337-compute@developer.gserviceaccount.com/token
2021-07-26 16:24:53,685 DEBUG    urllib3.connectionpool http://metadata.google.internal:80 "GET /computeMetadata/v1/instance/service-accounts/114789316337-compute@developer.gserviceaccount.com/token HTTP/1.1" 200 249
2021-07-26 16:24:53,876 DEBUG    urllib3.connectionpool Starting new HTTPS connection (1): compute.googleapis.com:443
2021-07-26 16:24:54,014 DEBUG    urllib3.connectionpool https://compute.googleapis.com:443 "POST /batch/compute/v1 HTTP/1.1" 200 None
2021-07-26 16:24:54,017 INFO     root            Display format: "default"
2021-07-26 16:24:54,020 INFO     ___FILE_ONLY___ creationTimestamp
2021-07-26 16:24:54,020 INFO     ___FILE_ONLY___ :
2021-07-26 16:24:54,020 INFO     ___FILE_ONLY___  '
2021-07-26 16:24:54,020 INFO     ___FILE_ONLY___ 1969-12-31T16:00:00.000-08:00
2021-07-26 16:24:54,020 INFO     ___FILE_ONLY___ '
2021-07-26 16:24:54,020 INFO     ___FILE_ONLY___ 

2021-07-26 16:24:54,021 INFO     ___FILE_ONLY___ description
2021-07-26 16:24:54,021 INFO     ___FILE_ONLY___ :
2021-07-26 16:24:54,021 INFO     ___FILE_ONLY___  
2021-07-26 16:24:54,021 INFO     ___FILE_ONLY___ 2
2021-07-26 16:24:54,021 INFO     ___FILE_ONLY___  
2021-07-26 16:24:54,021 INFO     ___FILE_ONLY___ vCPUs,
2021-07-26 16:24:54,021 INFO     ___FILE_ONLY___  
2021-07-26 16:24:54,021 INFO     ___FILE_ONLY___ 7.5
2021-07-26 16:24:54,022 INFO     ___FILE_ONLY___  
2021-07-26 16:24:54,022 INFO     ___FILE_ONLY___ GB
2021-07-26 16:24:54,022 INFO     ___FILE_ONLY___  
2021-07-26 16:24:54,022 INFO     ___FILE_ONLY___ RAM
2021-07-26 16:24:54,022 INFO     ___FILE_ONLY___ 

2021-07-26 16:24:54,022 INFO     ___FILE_ONLY___ guestCpus
2021-07-26 16:24:54,022 INFO     ___FILE_ONLY___ :
2021-07-26 16:24:54,022 INFO     ___FILE_ONLY___  
2021-07-26 16:24:54,023 INFO     ___FILE_ONLY___ 2
2021-07-26 16:24:54,023 INFO     ___FILE_ONLY___ 

2021-07-26 16:24:54,023 INFO     ___FILE_ONLY___ id
2021-07-26 16:24:54,023 INFO     ___FILE_ONLY___ :
2021-07-26 16:24:54,023 INFO     ___FILE_ONLY___  '
2021-07-26 16:24:54,023 INFO     ___FILE_ONLY___ 3002
2021-07-26 16:24:54,023 INFO     ___FILE_ONLY___ '
2021-07-26 16:24:54,024 INFO     ___FILE_ONLY___ 

2021-07-26 16:24:54,024 INFO     ___FILE_ONLY___ imageSpaceGb
2021-07-26 16:24:54,024 INFO     ___FILE_ONLY___ :
2021-07-26 16:24:54,024 INFO     ___FILE_ONLY___  
2021-07-26 16:24:54,024 INFO     ___FILE_ONLY___ 10
2021-07-26 16:24:54,024 INFO     ___FILE_ONLY___ 

2021-07-26 16:24:54,024 INFO     ___FILE_ONLY___ isSharedCpu
2021-07-26 16:24:54,025 INFO     ___FILE_ONLY___ :
2021-07-26 16:24:54,025 INFO     ___FILE_ONLY___  
2021-07-26 16:24:54,025 INFO     ___FILE_ONLY___ false
2021-07-26 16:24:54,025 INFO     ___FILE_ONLY___ 

2021-07-26 16:24:54,025 INFO     ___FILE_ONLY___ kind
2021-07-26 16:24:54,026 INFO     ___FILE_ONLY___ :
2021-07-26 16:24:54,026 INFO     ___FILE_ONLY___  
2021-07-26 16:24:54,026 INFO     ___FILE_ONLY___ compute#machineType
2021-07-26 16:24:54,026 INFO     ___FILE_ONLY___ 

2021-07-26 16:24:54,026 INFO     ___FILE_ONLY___ maximumPersistentDisks
2021-07-26 16:24:54,026 INFO     ___FILE_ONLY___ :
2021-07-26 16:24:54,026 INFO     ___FILE_ONLY___  
2021-07-26 16:24:54,026 INFO     ___FILE_ONLY___ 128
2021-07-26 16:24:54,027 INFO     ___FILE_ONLY___ 

2021-07-26 16:24:54,027 INFO     ___FILE_ONLY___ maximumPersistentDisksSizeGb
2021-07-26 16:24:54,027 INFO     ___FILE_ONLY___ :
2021-07-26 16:24:54,027 INFO     ___FILE_ONLY___  '
2021-07-26 16:24:54,027 INFO     ___FILE_ONLY___ 263168
2021-07-26 16:24:54,027 INFO     ___FILE_ONLY___ '
2021-07-26 16:24:54,028 INFO     ___FILE_ONLY___ 

2021-07-26 16:24:54,028 INFO     ___FILE_ONLY___ memoryMb
2021-07-26 16:24:54,028 INFO     ___FILE_ONLY___ :
2021-07-26 16:24:54,028 INFO     ___FILE_ONLY___  
2021-07-26 16:24:54,028 INFO     ___FILE_ONLY___ 7680
2021-07-26 16:24:54,028 INFO     ___FILE_ONLY___ 

2021-07-26 16:24:54,028 INFO     ___FILE_ONLY___ name
2021-07-26 16:24:54,029 INFO     ___FILE_ONLY___ :
2021-07-26 16:24:54,029 INFO     ___FILE_ONLY___  
2021-07-26 16:24:54,029 INFO     ___FILE_ONLY___ n1-standard-2
2021-07-26 16:24:54,029 INFO     ___FILE_ONLY___ 

2021-07-26 16:24:54,029 INFO     ___FILE_ONLY___ selfLink
2021-07-26 16:24:54,029 INFO     ___FILE_ONLY___ :
2021-07-26 16:24:54,030 INFO     ___FILE_ONLY___  
2021-07-26 16:24:54,030 INFO     ___FILE_ONLY___ https://www.googleapis.com/compute/v1/projects/ultra-evening-318614/zones/us-west1-b/machineTypes/n1-standard-2
2021-07-26 16:24:54,030 INFO     ___FILE_ONLY___ 

2021-07-26 16:24:54,030 INFO     ___FILE_ONLY___ zone
2021-07-26 16:24:54,030 INFO     ___FILE_ONLY___ :
2021-07-26 16:24:54,030 INFO     ___FILE_ONLY___  
2021-07-26 16:24:54,030 INFO     ___FILE_ONLY___ us-west1-b
2021-07-26 16:24:54,031 INFO     ___FILE_ONLY___ 

2021-07-26 16:24:54,031 DEBUG    root            SDK update checks are disabled.
