2021-07-26 16:37:11,251 DEBUG    root            Loaded Command Group: ['gcloud', 'ai_platform']
2021-07-26 16:37:11,253 DEBUG    root            Loaded Command Group: ['gcloud', 'ai-platform', 'local']
2021-07-26 16:37:11,254 DEBUG    root            Loaded Command Group: ['gcloud', 'ai-platform', 'local', 'train']
2021-07-26 16:37:11,261 DEBUG    root            Running [gcloud.ai-platform.local.train] with arguments: [--module-name: "trainer.task", --package-path: "trainer"]
2021-07-26 16:37:13,494 INFO     root            launching training process:
command: /opt/conda/bin/python -m trainer.task
 config: {
  "cluster": {},
  "environment": "cloud",
  "job": {
    "args": [],
    "job_name": "trainer.task"
  },
  "task": {}
}
2021-07-26 16:37:15,704 DEBUG    root            Executing command: ['/opt/conda/bin/python', '-m', 'trainer.task']
2021-07-26 16:37:18,799 INFO     root            Display format: "default"
2021-07-26 16:37:18,800 DEBUG    root            (gcloud.ai-platform.local.train) 
Traceback (most recent call last):
  File "/usr/lib/google-cloud-sdk/lib/googlecloudsdk/calliope/cli.py", line 984, in Execute
    resources = calliope_command.Run(cli=self, args=args)
  File "/usr/lib/google-cloud-sdk/lib/googlecloudsdk/calliope/backend.py", line 815, in Run
    raise exceptions.ExitCodeNoError(exit_code=command_instance.exit_code)
googlecloudsdk.calliope.exceptions.ExitCodeNoError
