2021-07-26 17:02:21,050 DEBUG    root            Loaded Command Group: ['gcloud', 'ai_platform']
2021-07-26 17:02:21,052 DEBUG    root            Loaded Command Group: ['gcloud', 'ai-platform', 'local']
2021-07-26 17:02:21,054 DEBUG    root            Loaded Command Group: ['gcloud', 'ai-platform', 'local', 'predict']
2021-07-26 17:02:21,060 DEBUG    root            Running [gcloud.ai-platform.local.predict] with arguments: [--json-instances: "x_input.json", --model-dir: "output"]
2021-07-26 17:02:21,060 INFO     ___FILE_ONLY___ If the signature defined in the model is not serving_default then you must specify it via --signature-name flag, otherwise the command may fail.

2021-07-26 17:02:23,580 WARNING  root            WARNING:tensorflow:From /opt/conda/lib/python3.7/site-packages/tensorflow/python/compat/v2_compat.py:96: disable_resource_variables (from tensorflow.python.ops.variable_scope) is deprecated and will be removed in a future version.
Instructions for updating:
non-resource variables are not supported in the long term
2021-07-26 17:02:23.048152: I tensorflow/core/common_runtime/process_util.cc:146] Creating new thread pool with default inter op setting: 2. Tune using inter_op_parallelism_threads for best performance.
WARNING:tensorflow:From /usr/lib/google-cloud-sdk/lib/third_party/ml_sdk/cloud/ml/prediction/frameworks/tf_prediction_lib.py:236: load (from tensorflow.python.saved_model.loader_impl) is deprecated and will be removed in a future version.
Instructions for updating:
This function will only be available through the v1 compatibility library as tf.compat.v1.saved_model.loader.load or tf.compat.v1.saved_model.load. There will be a new function for importing SavedModels in Tensorflow 2.0.
WARNING:tensorflow:From /usr/lib/google-cloud-sdk/lib/third_party/ml_sdk/cloud/ml/prediction/frameworks/tf_prediction_lib.py:236: load (from tensorflow.python.saved_model.loader_impl) is deprecated and will be removed in a future version.
Instructions for updating:
This function will only be available through the v1 compatibility library as tf.compat.v1.saved_model.loader.load or tf.compat.v1.saved_model.load. There will be a new function for importing SavedModels in Tensorflow 2.0.
2021-07-26 17:02:23.083800: I tensorflow/core/platform/profile_utils/cpu_utils.cc:114] CPU Frequency: 2200210000 Hz
WARNING:root:Error updating signature __saved_model_init_op: The name 'NoOp' refers to an Operation, not a Tensor. Tensor names must be of the form "<op_name>:<output_index>".
[[0.811967313 0.550216436 0.741260052 ... -1.093009 1.30972552 -1.13039494]
 [-2.23204875 0.300021708 0.663107932 ... -0.694707036 0.251856387 -1.32283545]
 [1.51776719 -1.13521838 1.99967611 ... 0.571037889 0.0633847 1.04616666]
 ...
 [-1.8554455 0.245602176 0.534324467 ... 0.861594379 1.95254672 -0.911538124]
 [0.866307855 1.27755487 -0.211612642 ... 0.393796891 -0.692596138 0.868388474]
 [1.22370446 0.621839404 0.20978269 ... 1.06483984 -1.46755302 -0.100838929]]

2021-07-26 17:02:23,583 INFO     root            Display format: "default 
          table(
              predictions:format="table(
                  output
              )"
          )"
2021-07-26 17:02:23,590 INFO     ___FILE_ONLY___ OUTPUT
2021-07-26 17:02:23,590 INFO     ___FILE_ONLY___ 

2021-07-26 17:02:23,590 INFO     ___FILE_ONLY___ [0.33929088711738586]
2021-07-26 17:02:23,590 INFO     ___FILE_ONLY___ 

2021-07-26 17:02:23,590 INFO     ___FILE_ONLY___ [0.4188985228538513]
2021-07-26 17:02:23,591 INFO     ___FILE_ONLY___ 

2021-07-26 17:02:23,591 INFO     ___FILE_ONLY___ [-1.372501254081726]
2021-07-26 17:02:23,591 INFO     ___FILE_ONLY___ 

2021-07-26 17:02:23,591 INFO     ___FILE_ONLY___ [2.290618896484375]
2021-07-26 17:02:23,591 INFO     ___FILE_ONLY___ 

2021-07-26 17:02:23,591 INFO     ___FILE_ONLY___ [-0.2964615821838379]
2021-07-26 17:02:23,592 INFO     ___FILE_ONLY___ 

2021-07-26 17:02:23,592 INFO     ___FILE_ONLY___ [0.8124394416809082]
2021-07-26 17:02:23,592 INFO     ___FILE_ONLY___ 

2021-07-26 17:02:23,592 INFO     ___FILE_ONLY___ [0.011934704147279263]
2021-07-26 17:02:23,592 INFO     ___FILE_ONLY___ 

2021-07-26 17:02:23,592 INFO     ___FILE_ONLY___ [1.6351103782653809]
2021-07-26 17:02:23,592 INFO     ___FILE_ONLY___ 

2021-07-26 17:02:23,593 INFO     ___FILE_ONLY___ [0.08961205929517746]
2021-07-26 17:02:23,593 INFO     ___FILE_ONLY___ 

2021-07-26 17:02:23,593 INFO     ___FILE_ONLY___ [1.171424388885498]
2021-07-26 17:02:23,593 INFO     ___FILE_ONLY___ 

2021-07-26 17:02:23,593 INFO     ___FILE_ONLY___ [-1.6710885763168335]
2021-07-26 17:02:23,593 INFO     ___FILE_ONLY___ 

2021-07-26 17:02:23,593 INFO     ___FILE_ONLY___ [1.3148149251937866]
2021-07-26 17:02:23,594 INFO     ___FILE_ONLY___ 

2021-07-26 17:02:23,594 INFO     ___FILE_ONLY___ [-1.2483576536178589]
2021-07-26 17:02:23,594 INFO     ___FILE_ONLY___ 

2021-07-26 17:02:23,594 INFO     ___FILE_ONLY___ [1.5516738891601562]
2021-07-26 17:02:23,594 INFO     ___FILE_ONLY___ 

2021-07-26 17:02:23,594 INFO     ___FILE_ONLY___ [0.47880929708480835]
2021-07-26 17:02:23,594 INFO     ___FILE_ONLY___ 

2021-07-26 17:02:23,595 INFO     ___FILE_ONLY___ [-2.1331241130828857]
2021-07-26 17:02:23,595 INFO     ___FILE_ONLY___ 

2021-07-26 17:02:23,595 INFO     ___FILE_ONLY___ [-0.2909596562385559]
2021-07-26 17:02:23,595 INFO     ___FILE_ONLY___ 

2021-07-26 17:02:23,595 INFO     ___FILE_ONLY___ [-1.297309398651123]
2021-07-26 17:02:23,595 INFO     ___FILE_ONLY___ 

2021-07-26 17:02:23,595 INFO     ___FILE_ONLY___ [-1.5417526960372925]
2021-07-26 17:02:23,596 INFO     ___FILE_ONLY___ 

2021-07-26 17:02:23,596 INFO     ___FILE_ONLY___ [-0.8473231792449951]
2021-07-26 17:02:23,596 INFO     ___FILE_ONLY___ 

2021-07-26 17:02:23,596 INFO     ___FILE_ONLY___ [0.5339970588684082]
2021-07-26 17:02:23,596 INFO     ___FILE_ONLY___ 

2021-07-26 17:02:23,596 INFO     ___FILE_ONLY___ [2.228156566619873]
2021-07-26 17:02:23,596 INFO     ___FILE_ONLY___ 

2021-07-26 17:02:23,597 INFO     ___FILE_ONLY___ [-0.5100855827331543]
2021-07-26 17:02:23,597 INFO     ___FILE_ONLY___ 

2021-07-26 17:02:23,597 INFO     ___FILE_ONLY___ [0.035524871200323105]
2021-07-26 17:02:23,597 INFO     ___FILE_ONLY___ 

2021-07-26 17:02:23,597 INFO     ___FILE_ONLY___ [-1.58137845993042]
2021-07-26 17:02:23,597 INFO     ___FILE_ONLY___ 

2021-07-26 17:02:23,597 INFO     ___FILE_ONLY___ [-2.246858596801758]
2021-07-26 17:02:23,598 INFO     ___FILE_ONLY___ 

2021-07-26 17:02:23,598 INFO     ___FILE_ONLY___ [-0.5870405435562134]
2021-07-26 17:02:23,598 INFO     ___FILE_ONLY___ 

2021-07-26 17:02:23,598 INFO     ___FILE_ONLY___ [3.701559543609619]
2021-07-26 17:02:23,598 INFO     ___FILE_ONLY___ 

2021-07-26 17:02:23,598 INFO     ___FILE_ONLY___ [2.0683670043945312]
2021-07-26 17:02:23,598 INFO     ___FILE_ONLY___ 

2021-07-26 17:02:23,599 INFO     ___FILE_ONLY___ [-2.3709287643432617]
2021-07-26 17:02:23,599 INFO     ___FILE_ONLY___ 

2021-07-26 17:02:23,599 INFO     ___FILE_ONLY___ [0.02390880137681961]
2021-07-26 17:02:23,599 INFO     ___FILE_ONLY___ 

2021-07-26 17:02:23,599 INFO     ___FILE_ONLY___ [0.891565203666687]
2021-07-26 17:02:23,599 INFO     ___FILE_ONLY___ 

2021-07-26 17:02:23,599 INFO     ___FILE_ONLY___ [-2.9796905517578125]
2021-07-26 17:02:23,600 INFO     ___FILE_ONLY___ 

2021-07-26 17:02:23,600 INFO     ___FILE_ONLY___ [-1.1614614725112915]
2021-07-26 17:02:23,600 INFO     ___FILE_ONLY___ 

2021-07-26 17:02:23,600 INFO     ___FILE_ONLY___ [-0.8374435901641846]
2021-07-26 17:02:23,600 INFO     ___FILE_ONLY___ 

2021-07-26 17:02:23,600 INFO     ___FILE_ONLY___ [0.38222530484199524]
2021-07-26 17:02:23,601 INFO     ___FILE_ONLY___ 

2021-07-26 17:02:23,601 INFO     ___FILE_ONLY___ [-0.8789482116699219]
2021-07-26 17:02:23,601 INFO     ___FILE_ONLY___ 

2021-07-26 17:02:23,601 INFO     ___FILE_ONLY___ [-2.1918671131134033]
2021-07-26 17:02:23,601 INFO     ___FILE_ONLY___ 

2021-07-26 17:02:23,601 INFO     ___FILE_ONLY___ [0.50861656665802]
2021-07-26 17:02:23,601 INFO     ___FILE_ONLY___ 

2021-07-26 17:02:23,602 INFO     ___FILE_ONLY___ [2.108022689819336]
2021-07-26 17:02:23,602 INFO     ___FILE_ONLY___ 

2021-07-26 17:02:23,602 INFO     ___FILE_ONLY___ [0.8583534359931946]
2021-07-26 17:02:23,602 INFO     ___FILE_ONLY___ 

2021-07-26 17:02:23,602 INFO     ___FILE_ONLY___ [1.5130900144577026]
2021-07-26 17:02:23,602 INFO     ___FILE_ONLY___ 

2021-07-26 17:02:23,602 INFO     ___FILE_ONLY___ [-0.9075314998626709]
2021-07-26 17:02:23,603 INFO     ___FILE_ONLY___ 

2021-07-26 17:02:23,603 INFO     ___FILE_ONLY___ [0.47986844182014465]
2021-07-26 17:02:23,603 INFO     ___FILE_ONLY___ 

2021-07-26 17:02:23,603 INFO     ___FILE_ONLY___ [0.7178187966346741]
2021-07-26 17:02:23,603 INFO     ___FILE_ONLY___ 

2021-07-26 17:02:23,603 INFO     ___FILE_ONLY___ [1.8583928346633911]
2021-07-26 17:02:23,604 INFO     ___FILE_ONLY___ 

2021-07-26 17:02:23,604 INFO     ___FILE_ONLY___ [-0.5251801013946533]
2021-07-26 17:02:23,604 INFO     ___FILE_ONLY___ 

2021-07-26 17:02:23,604 INFO     ___FILE_ONLY___ [-0.4528757333755493]
2021-07-26 17:02:23,604 INFO     ___FILE_ONLY___ 

2021-07-26 17:02:23,604 INFO     ___FILE_ONLY___ [2.440152168273926]
2021-07-26 17:02:23,604 INFO     ___FILE_ONLY___ 

2021-07-26 17:02:23,605 INFO     ___FILE_ONLY___ [-0.714861273765564]
2021-07-26 17:02:23,605 INFO     ___FILE_ONLY___ 

2021-07-26 17:02:23,605 INFO     ___FILE_ONLY___ [-0.6106257438659668]
2021-07-26 17:02:23,605 INFO     ___FILE_ONLY___ 

2021-07-26 17:02:23,605 INFO     ___FILE_ONLY___ [-1.2990940809249878]
2021-07-26 17:02:23,605 INFO     ___FILE_ONLY___ 

2021-07-26 17:02:23,606 INFO     ___FILE_ONLY___ [-0.6501098871231079]
2021-07-26 17:02:23,606 INFO     ___FILE_ONLY___ 

2021-07-26 17:02:23,606 INFO     ___FILE_ONLY___ [-0.4937921464443207]
2021-07-26 17:02:23,606 INFO     ___FILE_ONLY___ 

2021-07-26 17:02:23,606 INFO     ___FILE_ONLY___ [-0.0761929377913475]
2021-07-26 17:02:23,606 INFO     ___FILE_ONLY___ 

2021-07-26 17:02:23,606 INFO     ___FILE_ONLY___ [0.011753535829484463]
2021-07-26 17:02:23,607 INFO     ___FILE_ONLY___ 

2021-07-26 17:02:23,607 INFO     ___FILE_ONLY___ [1.6428519487380981]
2021-07-26 17:02:23,607 INFO     ___FILE_ONLY___ 

2021-07-26 17:02:23,607 INFO     ___FILE_ONLY___ [-1.8240886926651]
2021-07-26 17:02:23,607 INFO     ___FILE_ONLY___ 

2021-07-26 17:02:23,607 INFO     ___FILE_ONLY___ [-0.8606943488121033]
2021-07-26 17:02:23,607 INFO     ___FILE_ONLY___ 

2021-07-26 17:02:23,608 INFO     ___FILE_ONLY___ [1.768560767173767]
2021-07-26 17:02:23,608 INFO     ___FILE_ONLY___ 

2021-07-26 17:02:23,608 INFO     ___FILE_ONLY___ [0.044839002192020416]
2021-07-26 17:02:23,608 INFO     ___FILE_ONLY___ 

2021-07-26 17:02:23,608 INFO     ___FILE_ONLY___ [-0.14505895972251892]
2021-07-26 17:02:23,608 INFO     ___FILE_ONLY___ 

2021-07-26 17:02:23,608 INFO     ___FILE_ONLY___ [0.5526115894317627]
2021-07-26 17:02:23,608 INFO     ___FILE_ONLY___ 

2021-07-26 17:02:23,608 INFO     ___FILE_ONLY___ [1.0575209856033325]
2021-07-26 17:02:23,609 INFO     ___FILE_ONLY___ 

2021-07-26 17:02:23,609 INFO     ___FILE_ONLY___ [-0.8258067965507507]
2021-07-26 17:02:23,609 INFO     ___FILE_ONLY___ 

2021-07-26 17:02:23,609 INFO     ___FILE_ONLY___ [-1.4293811321258545]
2021-07-26 17:02:23,609 INFO     ___FILE_ONLY___ 

2021-07-26 17:02:23,609 INFO     ___FILE_ONLY___ [0.9775187969207764]
2021-07-26 17:02:23,610 INFO     ___FILE_ONLY___ 

2021-07-26 17:02:23,610 INFO     ___FILE_ONLY___ [-1.978585958480835]
2021-07-26 17:02:23,610 INFO     ___FILE_ONLY___ 

2021-07-26 17:02:23,610 INFO     ___FILE_ONLY___ [0.5751760601997375]
2021-07-26 17:02:23,610 INFO     ___FILE_ONLY___ 

2021-07-26 17:02:23,610 INFO     ___FILE_ONLY___ [0.5158843994140625]
2021-07-26 17:02:23,610 INFO     ___FILE_ONLY___ 

2021-07-26 17:02:23,611 INFO     ___FILE_ONLY___ [-0.2891691029071808]
2021-07-26 17:02:23,611 INFO     ___FILE_ONLY___ 

2021-07-26 17:02:23,611 INFO     ___FILE_ONLY___ [-0.7398215532302856]
2021-07-26 17:02:23,611 INFO     ___FILE_ONLY___ 

2021-07-26 17:02:23,611 INFO     ___FILE_ONLY___ [2.2250864505767822]
2021-07-26 17:02:23,611 INFO     ___FILE_ONLY___ 

2021-07-26 17:02:23,612 INFO     ___FILE_ONLY___ [0.1268213987350464]
2021-07-26 17:02:23,612 INFO     ___FILE_ONLY___ 

2021-07-26 17:02:23,612 INFO     ___FILE_ONLY___ [0.917866587638855]
2021-07-26 17:02:23,612 INFO     ___FILE_ONLY___ 

2021-07-26 17:02:23,612 INFO     ___FILE_ONLY___ [0.04093299061059952]
2021-07-26 17:02:23,612 INFO     ___FILE_ONLY___ 

2021-07-26 17:02:23,612 INFO     ___FILE_ONLY___ [-0.4932164251804352]
2021-07-26 17:02:23,613 INFO     ___FILE_ONLY___ 

2021-07-26 17:02:23,613 INFO     ___FILE_ONLY___ [-2.011378526687622]
2021-07-26 17:02:23,613 INFO     ___FILE_ONLY___ 

2021-07-26 17:02:23,613 INFO     ___FILE_ONLY___ [0.07562760263681412]
2021-07-26 17:02:23,613 INFO     ___FILE_ONLY___ 

2021-07-26 17:02:23,613 INFO     ___FILE_ONLY___ [-1.718685269355774]
2021-07-26 17:02:23,613 INFO     ___FILE_ONLY___ 

2021-07-26 17:02:23,614 INFO     ___FILE_ONLY___ [-0.12578728795051575]
2021-07-26 17:02:23,614 INFO     ___FILE_ONLY___ 

2021-07-26 17:02:23,614 INFO     ___FILE_ONLY___ [-0.23434877395629883]
2021-07-26 17:02:23,614 INFO     ___FILE_ONLY___ 

2021-07-26 17:02:23,614 INFO     ___FILE_ONLY___ [-1.1841789484024048]
2021-07-26 17:02:23,614 INFO     ___FILE_ONLY___ 

2021-07-26 17:02:23,614 INFO     ___FILE_ONLY___ [-0.44308534264564514]
2021-07-26 17:02:23,614 INFO     ___FILE_ONLY___ 

2021-07-26 17:02:23,615 INFO     ___FILE_ONLY___ [2.3685476779937744]
2021-07-26 17:02:23,615 INFO     ___FILE_ONLY___ 

2021-07-26 17:02:23,615 INFO     ___FILE_ONLY___ [-1.700960397720337]
2021-07-26 17:02:23,615 INFO     ___FILE_ONLY___ 

2021-07-26 17:02:23,615 INFO     ___FILE_ONLY___ [2.634108304977417]
2021-07-26 17:02:23,615 INFO     ___FILE_ONLY___ 

2021-07-26 17:02:23,615 INFO     ___FILE_ONLY___ [-2.5736212730407715]
2021-07-26 17:02:23,616 INFO     ___FILE_ONLY___ 

2021-07-26 17:02:23,616 INFO     ___FILE_ONLY___ [0.43297407031059265]
2021-07-26 17:02:23,616 INFO     ___FILE_ONLY___ 

2021-07-26 17:02:23,616 INFO     ___FILE_ONLY___ [1.721528172492981]
2021-07-26 17:02:23,616 INFO     ___FILE_ONLY___ 

2021-07-26 17:02:23,616 INFO     ___FILE_ONLY___ [-0.9207993745803833]
2021-07-26 17:02:23,616 INFO     ___FILE_ONLY___ 

2021-07-26 17:02:23,617 INFO     ___FILE_ONLY___ [-0.6235381364822388]
2021-07-26 17:02:23,617 INFO     ___FILE_ONLY___ 

2021-07-26 17:02:23,617 INFO     ___FILE_ONLY___ [-2.1152303218841553]
2021-07-26 17:02:23,617 INFO     ___FILE_ONLY___ 

2021-07-26 17:02:23,617 INFO     ___FILE_ONLY___ [-1.4138917922973633]
2021-07-26 17:02:23,617 INFO     ___FILE_ONLY___ 

2021-07-26 17:02:23,618 INFO     ___FILE_ONLY___ [2.1517395973205566]
2021-07-26 17:02:23,618 INFO     ___FILE_ONLY___ 

2021-07-26 17:02:23,618 INFO     ___FILE_ONLY___ [-2.3024866580963135]
2021-07-26 17:02:23,618 INFO     ___FILE_ONLY___ 

2021-07-26 17:02:23,618 INFO     ___FILE_ONLY___ [-0.07449840754270554]
2021-07-26 17:02:23,618 INFO     ___FILE_ONLY___ 

2021-07-26 17:02:23,618 INFO     ___FILE_ONLY___ [-2.4968817234039307]
2021-07-26 17:02:23,618 INFO     ___FILE_ONLY___ 

2021-07-26 17:02:23,619 INFO     ___FILE_ONLY___ [0.8555566668510437]
2021-07-26 17:02:23,619 INFO     ___FILE_ONLY___ 

2021-07-26 17:02:23,619 INFO     ___FILE_ONLY___ [-1.2572526931762695]
2021-07-26 17:02:23,619 INFO     ___FILE_ONLY___ 

2021-07-26 17:02:23,620 DEBUG    root            SDK update checks are disabled.
