2021-07-26 17:23:03,239 DEBUG    root            Loaded Command Group: ['gcloud', 'ai_platform']
2021-07-26 17:23:03,241 DEBUG    root            Loaded Command Group: ['gcloud', 'ai-platform', 'local']
2021-07-26 17:23:03,243 DEBUG    root            Loaded Command Group: ['gcloud', 'ai-platform', 'local', 'predict']
2021-07-26 17:23:03,250 DEBUG    root            Running [gcloud.ai-platform.local.predict] with arguments: [--json-instances: "x_input.json", --model-dir: "output"]
2021-07-26 17:23:03,250 INFO     ___FILE_ONLY___ If the signature defined in the model is not serving_default then you must specify it via --signature-name flag, otherwise the command may fail.

2021-07-26 17:23:05,729 WARNING  root            WARNING:tensorflow:From /opt/conda/lib/python3.7/site-packages/tensorflow/python/compat/v2_compat.py:96: disable_resource_variables (from tensorflow.python.ops.variable_scope) is deprecated and will be removed in a future version.
Instructions for updating:
non-resource variables are not supported in the long term
2021-07-26 17:23:05.199055: I tensorflow/core/common_runtime/process_util.cc:146] Creating new thread pool with default inter op setting: 2. Tune using inter_op_parallelism_threads for best performance.
WARNING:tensorflow:From /usr/lib/google-cloud-sdk/lib/third_party/ml_sdk/cloud/ml/prediction/frameworks/tf_prediction_lib.py:236: load (from tensorflow.python.saved_model.loader_impl) is deprecated and will be removed in a future version.
Instructions for updating:
This function will only be available through the v1 compatibility library as tf.compat.v1.saved_model.loader.load or tf.compat.v1.saved_model.load. There will be a new function for importing SavedModels in Tensorflow 2.0.
WARNING:tensorflow:From /usr/lib/google-cloud-sdk/lib/third_party/ml_sdk/cloud/ml/prediction/frameworks/tf_prediction_lib.py:236: load (from tensorflow.python.saved_model.loader_impl) is deprecated and will be removed in a future version.
Instructions for updating:
This function will only be available through the v1 compatibility library as tf.compat.v1.saved_model.loader.load or tf.compat.v1.saved_model.load. There will be a new function for importing SavedModels in Tensorflow 2.0.
2021-07-26 17:23:05.233849: I tensorflow/core/platform/profile_utils/cpu_utils.cc:114] CPU Frequency: 2200210000 Hz
WARNING:root:Error updating signature __saved_model_init_op: The name 'NoOp' refers to an Operation, not a Tensor. Tensor names must be of the form "<op_name>:<output_index>".
[[2.02053976 0.301290512 -0.62997371 ... 0.549053252 0.0775447041 -0.76314]
 [1.12193263 -0.252611935 -1.09862912 ... 0.504961491 1.07825637 0.0821237862]
 [-1.49338 0.334844321 0.376551658 ... -1.81669545 0.5443964 0.806827724]
 ...
 [0.426676363 -0.685582638 0.23970291 ... 0.466869712 -0.176159456 0.934742868]
 [-0.788395643 1.36058 0.479795039 ... -1.27860403 0.729973555 0.297567278]
 [-0.216759831 0.370054454 0.336397111 ... 0.725647 0.986607969 -0.778251648]]

2021-07-26 17:23:05,732 INFO     root            Display format: "default 
          table(
              predictions:format="table(
                  key, output
              )"
          )"
2021-07-26 17:23:05,741 INFO     ___FILE_ONLY___ KEY
2021-07-26 17:23:05,742 INFO     ___FILE_ONLY___    
2021-07-26 17:23:05,742 INFO     ___FILE_ONLY___ OUTPUT
2021-07-26 17:23:05,742 INFO     ___FILE_ONLY___ 

2021-07-26 17:23:05,742 INFO     ___FILE_ONLY___ abcd
2021-07-26 17:23:05,742 INFO     ___FILE_ONLY___   
2021-07-26 17:23:05,742 INFO     ___FILE_ONLY___ [-0.09451786428689957]
2021-07-26 17:23:05,742 INFO     ___FILE_ONLY___ 

2021-07-26 17:23:05,743 INFO     ___FILE_ONLY___ abcd
2021-07-26 17:23:05,743 INFO     ___FILE_ONLY___   
2021-07-26 17:23:05,743 INFO     ___FILE_ONLY___ [0.5488596558570862]
2021-07-26 17:23:05,743 INFO     ___FILE_ONLY___ 

2021-07-26 17:23:05,743 INFO     ___FILE_ONLY___ abcd
2021-07-26 17:23:05,743 INFO     ___FILE_ONLY___   
2021-07-26 17:23:05,743 INFO     ___FILE_ONLY___ [0.7478816509246826]
2021-07-26 17:23:05,743 INFO     ___FILE_ONLY___ 

2021-07-26 17:23:05,743 INFO     ___FILE_ONLY___ abcd
2021-07-26 17:23:05,744 INFO     ___FILE_ONLY___   
2021-07-26 17:23:05,744 INFO     ___FILE_ONLY___ [1.9297816753387451]
2021-07-26 17:23:05,744 INFO     ___FILE_ONLY___ 

2021-07-26 17:23:05,744 INFO     ___FILE_ONLY___ abcd
2021-07-26 17:23:05,744 INFO     ___FILE_ONLY___   
2021-07-26 17:23:05,744 INFO     ___FILE_ONLY___ [-1.136452078819275]
2021-07-26 17:23:05,744 INFO     ___FILE_ONLY___ 

2021-07-26 17:23:05,744 INFO     ___FILE_ONLY___ abcd
2021-07-26 17:23:05,745 INFO     ___FILE_ONLY___   
2021-07-26 17:23:05,745 INFO     ___FILE_ONLY___ [1.3425768613815308]
2021-07-26 17:23:05,745 INFO     ___FILE_ONLY___ 

2021-07-26 17:23:05,745 INFO     ___FILE_ONLY___ abcd
2021-07-26 17:23:05,745 INFO     ___FILE_ONLY___   
2021-07-26 17:23:05,745 INFO     ___FILE_ONLY___ [0.14193126559257507]
2021-07-26 17:23:05,745 INFO     ___FILE_ONLY___ 

2021-07-26 17:23:05,745 INFO     ___FILE_ONLY___ abcd
2021-07-26 17:23:05,745 INFO     ___FILE_ONLY___   
2021-07-26 17:23:05,746 INFO     ___FILE_ONLY___ [0.048963867127895355]
2021-07-26 17:23:05,746 INFO     ___FILE_ONLY___ 

2021-07-26 17:23:05,746 INFO     ___FILE_ONLY___ abcd
2021-07-26 17:23:05,746 INFO     ___FILE_ONLY___   
2021-07-26 17:23:05,746 INFO     ___FILE_ONLY___ [-0.9918594360351562]
2021-07-26 17:23:05,746 INFO     ___FILE_ONLY___ 

2021-07-26 17:23:05,746 INFO     ___FILE_ONLY___ abcd
2021-07-26 17:23:05,746 INFO     ___FILE_ONLY___   
2021-07-26 17:23:05,746 INFO     ___FILE_ONLY___ [-0.6848335266113281]
2021-07-26 17:23:05,747 INFO     ___FILE_ONLY___ 

2021-07-26 17:23:05,747 INFO     ___FILE_ONLY___ abcd
2021-07-26 17:23:05,747 INFO     ___FILE_ONLY___   
2021-07-26 17:23:05,747 INFO     ___FILE_ONLY___ [-1.7841706275939941]
2021-07-26 17:23:05,747 INFO     ___FILE_ONLY___ 

2021-07-26 17:23:05,747 INFO     ___FILE_ONLY___ abcd
2021-07-26 17:23:05,747 INFO     ___FILE_ONLY___   
2021-07-26 17:23:05,747 INFO     ___FILE_ONLY___ [-2.088534116744995]
2021-07-26 17:23:05,748 INFO     ___FILE_ONLY___ 

2021-07-26 17:23:05,748 INFO     ___FILE_ONLY___ abcd
2021-07-26 17:23:05,748 INFO     ___FILE_ONLY___   
2021-07-26 17:23:05,748 INFO     ___FILE_ONLY___ [0.6533175110816956]
2021-07-26 17:23:05,748 INFO     ___FILE_ONLY___ 

2021-07-26 17:23:05,748 INFO     ___FILE_ONLY___ abcd
2021-07-26 17:23:05,748 INFO     ___FILE_ONLY___   
2021-07-26 17:23:05,748 INFO     ___FILE_ONLY___ [0.31091466546058655]
2021-07-26 17:23:05,749 INFO     ___FILE_ONLY___ 

2021-07-26 17:23:05,749 INFO     ___FILE_ONLY___ abcd
2021-07-26 17:23:05,749 INFO     ___FILE_ONLY___   
2021-07-26 17:23:05,749 INFO     ___FILE_ONLY___ [0.7064952254295349]
2021-07-26 17:23:05,749 INFO     ___FILE_ONLY___ 

2021-07-26 17:23:05,749 INFO     ___FILE_ONLY___ abcd
2021-07-26 17:23:05,749 INFO     ___FILE_ONLY___   
2021-07-26 17:23:05,749 INFO     ___FILE_ONLY___ [-1.5869970321655273]
2021-07-26 17:23:05,749 INFO     ___FILE_ONLY___ 

2021-07-26 17:23:05,750 INFO     ___FILE_ONLY___ abcd
2021-07-26 17:23:05,750 INFO     ___FILE_ONLY___   
2021-07-26 17:23:05,750 INFO     ___FILE_ONLY___ [0.8312166929244995]
2021-07-26 17:23:05,750 INFO     ___FILE_ONLY___ 

2021-07-26 17:23:05,750 INFO     ___FILE_ONLY___ abcd
2021-07-26 17:23:05,750 INFO     ___FILE_ONLY___   
2021-07-26 17:23:05,750 INFO     ___FILE_ONLY___ [-1.039821743965149]
2021-07-26 17:23:05,750 INFO     ___FILE_ONLY___ 

2021-07-26 17:23:05,751 INFO     ___FILE_ONLY___ abcd
2021-07-26 17:23:05,751 INFO     ___FILE_ONLY___   
2021-07-26 17:23:05,751 INFO     ___FILE_ONLY___ [-1.5213040113449097]
2021-07-26 17:23:05,751 INFO     ___FILE_ONLY___ 

2021-07-26 17:23:05,751 INFO     ___FILE_ONLY___ abcd
2021-07-26 17:23:05,751 INFO     ___FILE_ONLY___   
2021-07-26 17:23:05,751 INFO     ___FILE_ONLY___ [0.03923041373491287]
2021-07-26 17:23:05,751 INFO     ___FILE_ONLY___ 

2021-07-26 17:23:05,752 INFO     ___FILE_ONLY___ abcd
2021-07-26 17:23:05,752 INFO     ___FILE_ONLY___   
2021-07-26 17:23:05,752 INFO     ___FILE_ONLY___ [0.7589321732521057]
2021-07-26 17:23:05,752 INFO     ___FILE_ONLY___ 

2021-07-26 17:23:05,752 INFO     ___FILE_ONLY___ abcd
2021-07-26 17:23:05,752 INFO     ___FILE_ONLY___   
2021-07-26 17:23:05,752 INFO     ___FILE_ONLY___ [-0.8205893039703369]
2021-07-26 17:23:05,752 INFO     ___FILE_ONLY___ 

2021-07-26 17:23:05,752 INFO     ___FILE_ONLY___ abcd
2021-07-26 17:23:05,752 INFO     ___FILE_ONLY___   
2021-07-26 17:23:05,753 INFO     ___FILE_ONLY___ [-0.7527841925621033]
2021-07-26 17:23:05,753 INFO     ___FILE_ONLY___ 

2021-07-26 17:23:05,753 INFO     ___FILE_ONLY___ abcd
2021-07-26 17:23:05,753 INFO     ___FILE_ONLY___   
2021-07-26 17:23:05,753 INFO     ___FILE_ONLY___ [0.24891811609268188]
2021-07-26 17:23:05,753 INFO     ___FILE_ONLY___ 

2021-07-26 17:23:05,753 INFO     ___FILE_ONLY___ abcd
2021-07-26 17:23:05,753 INFO     ___FILE_ONLY___   
2021-07-26 17:23:05,754 INFO     ___FILE_ONLY___ [-0.05359829217195511]
2021-07-26 17:23:05,754 INFO     ___FILE_ONLY___ 

2021-07-26 17:23:05,754 INFO     ___FILE_ONLY___ abcd
2021-07-26 17:23:05,754 INFO     ___FILE_ONLY___   
2021-07-26 17:23:05,754 INFO     ___FILE_ONLY___ [-1.226963996887207]
2021-07-26 17:23:05,754 INFO     ___FILE_ONLY___ 

2021-07-26 17:23:05,754 INFO     ___FILE_ONLY___ abcd
2021-07-26 17:23:05,754 INFO     ___FILE_ONLY___   
2021-07-26 17:23:05,754 INFO     ___FILE_ONLY___ [-0.9166204333305359]
2021-07-26 17:23:05,755 INFO     ___FILE_ONLY___ 

2021-07-26 17:23:05,755 INFO     ___FILE_ONLY___ abcd
2021-07-26 17:23:05,755 INFO     ___FILE_ONLY___   
2021-07-26 17:23:05,755 INFO     ___FILE_ONLY___ [0.7729188203811646]
2021-07-26 17:23:05,755 INFO     ___FILE_ONLY___ 

2021-07-26 17:23:05,755 INFO     ___FILE_ONLY___ abcd
2021-07-26 17:23:05,755 INFO     ___FILE_ONLY___   
2021-07-26 17:23:05,755 INFO     ___FILE_ONLY___ [1.7962956428527832]
2021-07-26 17:23:05,756 INFO     ___FILE_ONLY___ 

2021-07-26 17:23:05,756 INFO     ___FILE_ONLY___ abcd
2021-07-26 17:23:05,756 INFO     ___FILE_ONLY___   
2021-07-26 17:23:05,756 INFO     ___FILE_ONLY___ [0.6558986902236938]
2021-07-26 17:23:05,756 INFO     ___FILE_ONLY___ 

2021-07-26 17:23:05,756 INFO     ___FILE_ONLY___ abcd
2021-07-26 17:23:05,756 INFO     ___FILE_ONLY___   
2021-07-26 17:23:05,756 INFO     ___FILE_ONLY___ [0.41889941692352295]
2021-07-26 17:23:05,757 INFO     ___FILE_ONLY___ 

2021-07-26 17:23:05,757 INFO     ___FILE_ONLY___ abcd
2021-07-26 17:23:05,757 INFO     ___FILE_ONLY___   
2021-07-26 17:23:05,757 INFO     ___FILE_ONLY___ [-0.16152116656303406]
2021-07-26 17:23:05,757 INFO     ___FILE_ONLY___ 

2021-07-26 17:23:05,757 INFO     ___FILE_ONLY___ abcd
2021-07-26 17:23:05,757 INFO     ___FILE_ONLY___   
2021-07-26 17:23:05,757 INFO     ___FILE_ONLY___ [-0.7690393924713135]
2021-07-26 17:23:05,757 INFO     ___FILE_ONLY___ 

2021-07-26 17:23:05,758 INFO     ___FILE_ONLY___ abcd
2021-07-26 17:23:05,758 INFO     ___FILE_ONLY___   
2021-07-26 17:23:05,758 INFO     ___FILE_ONLY___ [1.1555285453796387]
2021-07-26 17:23:05,758 INFO     ___FILE_ONLY___ 

2021-07-26 17:23:05,758 INFO     ___FILE_ONLY___ abcd
2021-07-26 17:23:05,758 INFO     ___FILE_ONLY___   
2021-07-26 17:23:05,758 INFO     ___FILE_ONLY___ [-0.4373766779899597]
2021-07-26 17:23:05,758 INFO     ___FILE_ONLY___ 

2021-07-26 17:23:05,758 INFO     ___FILE_ONLY___ abcd
2021-07-26 17:23:05,759 INFO     ___FILE_ONLY___   
2021-07-26 17:23:05,759 INFO     ___FILE_ONLY___ [0.5160912275314331]
2021-07-26 17:23:05,759 INFO     ___FILE_ONLY___ 

2021-07-26 17:23:05,759 INFO     ___FILE_ONLY___ abcd
2021-07-26 17:23:05,759 INFO     ___FILE_ONLY___   
2021-07-26 17:23:05,759 INFO     ___FILE_ONLY___ [-1.1773380041122437]
2021-07-26 17:23:05,759 INFO     ___FILE_ONLY___ 

2021-07-26 17:23:05,759 INFO     ___FILE_ONLY___ abcd
2021-07-26 17:23:05,760 INFO     ___FILE_ONLY___   
2021-07-26 17:23:05,760 INFO     ___FILE_ONLY___ [0.06404244154691696]
2021-07-26 17:23:05,760 INFO     ___FILE_ONLY___ 

2021-07-26 17:23:05,760 INFO     ___FILE_ONLY___ abcd
2021-07-26 17:23:05,760 INFO     ___FILE_ONLY___   
2021-07-26 17:23:05,760 INFO     ___FILE_ONLY___ [-0.7272895574569702]
2021-07-26 17:23:05,760 INFO     ___FILE_ONLY___ 

2021-07-26 17:23:05,760 INFO     ___FILE_ONLY___ abcd
2021-07-26 17:23:05,761 INFO     ___FILE_ONLY___   
2021-07-26 17:23:05,761 INFO     ___FILE_ONLY___ [1.6210780143737793]
2021-07-26 17:23:05,761 INFO     ___FILE_ONLY___ 

2021-07-26 17:23:05,761 INFO     ___FILE_ONLY___ abcd
2021-07-26 17:23:05,761 INFO     ___FILE_ONLY___   
2021-07-26 17:23:05,761 INFO     ___FILE_ONLY___ [0.503900408744812]
2021-07-26 17:23:05,761 INFO     ___FILE_ONLY___ 

2021-07-26 17:23:05,761 INFO     ___FILE_ONLY___ abcd
2021-07-26 17:23:05,761 INFO     ___FILE_ONLY___   
2021-07-26 17:23:05,762 INFO     ___FILE_ONLY___ [1.0830124616622925]
2021-07-26 17:23:05,762 INFO     ___FILE_ONLY___ 

2021-07-26 17:23:05,762 INFO     ___FILE_ONLY___ abcd
2021-07-26 17:23:05,762 INFO     ___FILE_ONLY___   
2021-07-26 17:23:05,762 INFO     ___FILE_ONLY___ [0.5570659041404724]
2021-07-26 17:23:05,762 INFO     ___FILE_ONLY___ 

2021-07-26 17:23:05,762 INFO     ___FILE_ONLY___ abcd
2021-07-26 17:23:05,762 INFO     ___FILE_ONLY___   
2021-07-26 17:23:05,762 INFO     ___FILE_ONLY___ [0.678565263748169]
2021-07-26 17:23:05,763 INFO     ___FILE_ONLY___ 

2021-07-26 17:23:05,763 INFO     ___FILE_ONLY___ abcd
2021-07-26 17:23:05,763 INFO     ___FILE_ONLY___   
2021-07-26 17:23:05,763 INFO     ___FILE_ONLY___ [-0.37741655111312866]
2021-07-26 17:23:05,763 INFO     ___FILE_ONLY___ 

2021-07-26 17:23:05,763 INFO     ___FILE_ONLY___ abcd
2021-07-26 17:23:05,763 INFO     ___FILE_ONLY___   
2021-07-26 17:23:05,763 INFO     ___FILE_ONLY___ [-1.3050587177276611]
2021-07-26 17:23:05,764 INFO     ___FILE_ONLY___ 

2021-07-26 17:23:05,764 INFO     ___FILE_ONLY___ abcd
2021-07-26 17:23:05,764 INFO     ___FILE_ONLY___   
2021-07-26 17:23:05,764 INFO     ___FILE_ONLY___ [-1.637385606765747]
2021-07-26 17:23:05,764 INFO     ___FILE_ONLY___ 

2021-07-26 17:23:05,764 INFO     ___FILE_ONLY___ abcd
2021-07-26 17:23:05,764 INFO     ___FILE_ONLY___   
2021-07-26 17:23:05,764 INFO     ___FILE_ONLY___ [-0.21063575148582458]
2021-07-26 17:23:05,764 INFO     ___FILE_ONLY___ 

2021-07-26 17:23:05,765 INFO     ___FILE_ONLY___ abcd
2021-07-26 17:23:05,765 INFO     ___FILE_ONLY___   
2021-07-26 17:23:05,765 INFO     ___FILE_ONLY___ [1.6208834648132324]
2021-07-26 17:23:05,765 INFO     ___FILE_ONLY___ 

2021-07-26 17:23:05,765 INFO     ___FILE_ONLY___ abcd
2021-07-26 17:23:05,765 INFO     ___FILE_ONLY___   
2021-07-26 17:23:05,765 INFO     ___FILE_ONLY___ [0.20664238929748535]
2021-07-26 17:23:05,765 INFO     ___FILE_ONLY___ 

2021-07-26 17:23:05,765 INFO     ___FILE_ONLY___ abcd
2021-07-26 17:23:05,766 INFO     ___FILE_ONLY___   
2021-07-26 17:23:05,766 INFO     ___FILE_ONLY___ [1.1765927076339722]
2021-07-26 17:23:05,766 INFO     ___FILE_ONLY___ 

2021-07-26 17:23:05,766 INFO     ___FILE_ONLY___ abcd
2021-07-26 17:23:05,766 INFO     ___FILE_ONLY___   
2021-07-26 17:23:05,766 INFO     ___FILE_ONLY___ [0.6744744777679443]
2021-07-26 17:23:05,766 INFO     ___FILE_ONLY___ 

2021-07-26 17:23:05,766 INFO     ___FILE_ONLY___ abcd
2021-07-26 17:23:05,767 INFO     ___FILE_ONLY___   
2021-07-26 17:23:05,767 INFO     ___FILE_ONLY___ [-0.22718843817710876]
2021-07-26 17:23:05,767 INFO     ___FILE_ONLY___ 

2021-07-26 17:23:05,767 INFO     ___FILE_ONLY___ abcd
2021-07-26 17:23:05,767 INFO     ___FILE_ONLY___   
2021-07-26 17:23:05,767 INFO     ___FILE_ONLY___ [-2.95013689994812]
2021-07-26 17:23:05,767 INFO     ___FILE_ONLY___ 

2021-07-26 17:23:05,767 INFO     ___FILE_ONLY___ abcd
2021-07-26 17:23:05,767 INFO     ___FILE_ONLY___   
2021-07-26 17:23:05,768 INFO     ___FILE_ONLY___ [0.13051605224609375]
2021-07-26 17:23:05,768 INFO     ___FILE_ONLY___ 

2021-07-26 17:23:05,768 INFO     ___FILE_ONLY___ abcd
2021-07-26 17:23:05,768 INFO     ___FILE_ONLY___   
2021-07-26 17:23:05,768 INFO     ___FILE_ONLY___ [-1.0990408658981323]
2021-07-26 17:23:05,768 INFO     ___FILE_ONLY___ 

2021-07-26 17:23:05,768 INFO     ___FILE_ONLY___ abcd
2021-07-26 17:23:05,768 INFO     ___FILE_ONLY___   
2021-07-26 17:23:05,768 INFO     ___FILE_ONLY___ [-0.8546596169471741]
2021-07-26 17:23:05,769 INFO     ___FILE_ONLY___ 

2021-07-26 17:23:05,769 INFO     ___FILE_ONLY___ abcd
2021-07-26 17:23:05,769 INFO     ___FILE_ONLY___   
2021-07-26 17:23:05,769 INFO     ___FILE_ONLY___ [0.5365737080574036]
2021-07-26 17:23:05,769 INFO     ___FILE_ONLY___ 

2021-07-26 17:23:05,769 INFO     ___FILE_ONLY___ abcd
2021-07-26 17:23:05,769 INFO     ___FILE_ONLY___   
2021-07-26 17:23:05,769 INFO     ___FILE_ONLY___ [0.8138368129730225]
2021-07-26 17:23:05,770 INFO     ___FILE_ONLY___ 

2021-07-26 17:23:05,770 INFO     ___FILE_ONLY___ abcd
2021-07-26 17:23:05,770 INFO     ___FILE_ONLY___   
2021-07-26 17:23:05,770 INFO     ___FILE_ONLY___ [-0.4639584422111511]
2021-07-26 17:23:05,770 INFO     ___FILE_ONLY___ 

2021-07-26 17:23:05,770 INFO     ___FILE_ONLY___ abcd
2021-07-26 17:23:05,770 INFO     ___FILE_ONLY___   
2021-07-26 17:23:05,770 INFO     ___FILE_ONLY___ [1.1540852785110474]
2021-07-26 17:23:05,771 INFO     ___FILE_ONLY___ 

2021-07-26 17:23:05,771 INFO     ___FILE_ONLY___ abcd
2021-07-26 17:23:05,771 INFO     ___FILE_ONLY___   
2021-07-26 17:23:05,771 INFO     ___FILE_ONLY___ [-1.9022027254104614]
2021-07-26 17:23:05,771 INFO     ___FILE_ONLY___ 

2021-07-26 17:23:05,771 INFO     ___FILE_ONLY___ abcd
2021-07-26 17:23:05,771 INFO     ___FILE_ONLY___   
2021-07-26 17:23:05,771 INFO     ___FILE_ONLY___ [1.100504755973816]
2021-07-26 17:23:05,772 INFO     ___FILE_ONLY___ 

2021-07-26 17:23:05,772 INFO     ___FILE_ONLY___ abcd
2021-07-26 17:23:05,772 INFO     ___FILE_ONLY___   
2021-07-26 17:23:05,772 INFO     ___FILE_ONLY___ [0.16102999448776245]
2021-07-26 17:23:05,772 INFO     ___FILE_ONLY___ 

2021-07-26 17:23:05,772 INFO     ___FILE_ONLY___ abcd
2021-07-26 17:23:05,772 INFO     ___FILE_ONLY___   
2021-07-26 17:23:05,772 INFO     ___FILE_ONLY___ [-0.42367467284202576]
2021-07-26 17:23:05,772 INFO     ___FILE_ONLY___ 

2021-07-26 17:23:05,773 INFO     ___FILE_ONLY___ abcd
2021-07-26 17:23:05,773 INFO     ___FILE_ONLY___   
2021-07-26 17:23:05,773 INFO     ___FILE_ONLY___ [-0.7334650158882141]
2021-07-26 17:23:05,773 INFO     ___FILE_ONLY___ 

2021-07-26 17:23:05,773 INFO     ___FILE_ONLY___ abcd
2021-07-26 17:23:05,773 INFO     ___FILE_ONLY___   
2021-07-26 17:23:05,773 INFO     ___FILE_ONLY___ [0.10599813610315323]
2021-07-26 17:23:05,773 INFO     ___FILE_ONLY___ 

2021-07-26 17:23:05,773 INFO     ___FILE_ONLY___ abcd
2021-07-26 17:23:05,774 INFO     ___FILE_ONLY___   
2021-07-26 17:23:05,774 INFO     ___FILE_ONLY___ [0.9441225528717041]
2021-07-26 17:23:05,774 INFO     ___FILE_ONLY___ 

2021-07-26 17:23:05,774 INFO     ___FILE_ONLY___ abcd
2021-07-26 17:23:05,774 INFO     ___FILE_ONLY___   
2021-07-26 17:23:05,774 INFO     ___FILE_ONLY___ [0.5141157507896423]
2021-07-26 17:23:05,774 INFO     ___FILE_ONLY___ 

2021-07-26 17:23:05,774 INFO     ___FILE_ONLY___ abcd
2021-07-26 17:23:05,775 INFO     ___FILE_ONLY___   
2021-07-26 17:23:05,775 INFO     ___FILE_ONLY___ [1.6803147792816162]
2021-07-26 17:23:05,775 INFO     ___FILE_ONLY___ 

2021-07-26 17:23:05,775 INFO     ___FILE_ONLY___ abcd
2021-07-26 17:23:05,775 INFO     ___FILE_ONLY___   
2021-07-26 17:23:05,775 INFO     ___FILE_ONLY___ [-0.49322962760925293]
2021-07-26 17:23:05,775 INFO     ___FILE_ONLY___ 

2021-07-26 17:23:05,775 INFO     ___FILE_ONLY___ abcd
2021-07-26 17:23:05,775 INFO     ___FILE_ONLY___   
2021-07-26 17:23:05,776 INFO     ___FILE_ONLY___ [-0.08528853207826614]
2021-07-26 17:23:05,776 INFO     ___FILE_ONLY___ 

2021-07-26 17:23:05,776 INFO     ___FILE_ONLY___ abcd
2021-07-26 17:23:05,776 INFO     ___FILE_ONLY___   
2021-07-26 17:23:05,776 INFO     ___FILE_ONLY___ [-1.1935505867004395]
2021-07-26 17:23:05,776 INFO     ___FILE_ONLY___ 

2021-07-26 17:23:05,776 INFO     ___FILE_ONLY___ abcd
2021-07-26 17:23:05,776 INFO     ___FILE_ONLY___   
2021-07-26 17:23:05,776 INFO     ___FILE_ONLY___ [-1.1116838455200195]
2021-07-26 17:23:05,777 INFO     ___FILE_ONLY___ 

2021-07-26 17:23:05,777 INFO     ___FILE_ONLY___ abcd
2021-07-26 17:23:05,777 INFO     ___FILE_ONLY___   
2021-07-26 17:23:05,777 INFO     ___FILE_ONLY___ [0.8900734186172485]
2021-07-26 17:23:05,777 INFO     ___FILE_ONLY___ 

2021-07-26 17:23:05,777 INFO     ___FILE_ONLY___ abcd
2021-07-26 17:23:05,777 INFO     ___FILE_ONLY___   
2021-07-26 17:23:05,777 INFO     ___FILE_ONLY___ [-0.7363771200180054]
2021-07-26 17:23:05,778 INFO     ___FILE_ONLY___ 

2021-07-26 17:23:05,778 INFO     ___FILE_ONLY___ abcd
2021-07-26 17:23:05,778 INFO     ___FILE_ONLY___   
2021-07-26 17:23:05,778 INFO     ___FILE_ONLY___ [1.26090407371521]
2021-07-26 17:23:05,778 INFO     ___FILE_ONLY___ 

2021-07-26 17:23:05,778 INFO     ___FILE_ONLY___ abcd
2021-07-26 17:23:05,778 INFO     ___FILE_ONLY___   
2021-07-26 17:23:05,778 INFO     ___FILE_ONLY___ [0.12452388554811478]
2021-07-26 17:23:05,778 INFO     ___FILE_ONLY___ 

2021-07-26 17:23:05,779 INFO     ___FILE_ONLY___ abcd
2021-07-26 17:23:05,779 INFO     ___FILE_ONLY___   
2021-07-26 17:23:05,779 INFO     ___FILE_ONLY___ [-0.4614877700805664]
2021-07-26 17:23:05,779 INFO     ___FILE_ONLY___ 

2021-07-26 17:23:05,779 INFO     ___FILE_ONLY___ abcd
2021-07-26 17:23:05,779 INFO     ___FILE_ONLY___   
2021-07-26 17:23:05,779 INFO     ___FILE_ONLY___ [0.22473418712615967]
2021-07-26 17:23:05,779 INFO     ___FILE_ONLY___ 

2021-07-26 17:23:05,780 INFO     ___FILE_ONLY___ abcd
2021-07-26 17:23:05,780 INFO     ___FILE_ONLY___   
2021-07-26 17:23:05,780 INFO     ___FILE_ONLY___ [1.431951642036438]
2021-07-26 17:23:05,780 INFO     ___FILE_ONLY___ 

2021-07-26 17:23:05,780 INFO     ___FILE_ONLY___ abcd
2021-07-26 17:23:05,780 INFO     ___FILE_ONLY___   
2021-07-26 17:23:05,780 INFO     ___FILE_ONLY___ [1.5388832092285156]
2021-07-26 17:23:05,780 INFO     ___FILE_ONLY___ 

2021-07-26 17:23:05,781 INFO     ___FILE_ONLY___ abcd
2021-07-26 17:23:05,781 INFO     ___FILE_ONLY___   
2021-07-26 17:23:05,781 INFO     ___FILE_ONLY___ [2.138967275619507]
2021-07-26 17:23:05,781 INFO     ___FILE_ONLY___ 

2021-07-26 17:23:05,781 INFO     ___FILE_ONLY___ abcd
2021-07-26 17:23:05,781 INFO     ___FILE_ONLY___   
2021-07-26 17:23:05,781 INFO     ___FILE_ONLY___ [-1.8921778202056885]
2021-07-26 17:23:05,781 INFO     ___FILE_ONLY___ 

2021-07-26 17:23:05,781 INFO     ___FILE_ONLY___ abcd
2021-07-26 17:23:05,782 INFO     ___FILE_ONLY___   
2021-07-26 17:23:05,782 INFO     ___FILE_ONLY___ [-0.47822320461273193]
2021-07-26 17:23:05,782 INFO     ___FILE_ONLY___ 

2021-07-26 17:23:05,782 INFO     ___FILE_ONLY___ abcd
2021-07-26 17:23:05,782 INFO     ___FILE_ONLY___   
2021-07-26 17:23:05,782 INFO     ___FILE_ONLY___ [0.37132930755615234]
2021-07-26 17:23:05,782 INFO     ___FILE_ONLY___ 

2021-07-26 17:23:05,782 INFO     ___FILE_ONLY___ abcd
2021-07-26 17:23:05,782 INFO     ___FILE_ONLY___   
2021-07-26 17:23:05,783 INFO     ___FILE_ONLY___ [-0.3068034052848816]
2021-07-26 17:23:05,783 INFO     ___FILE_ONLY___ 

2021-07-26 17:23:05,783 INFO     ___FILE_ONLY___ abcd
2021-07-26 17:23:05,783 INFO     ___FILE_ONLY___   
2021-07-26 17:23:05,783 INFO     ___FILE_ONLY___ [1.2208822965621948]
2021-07-26 17:23:05,783 INFO     ___FILE_ONLY___ 

2021-07-26 17:23:05,783 INFO     ___FILE_ONLY___ abcd
2021-07-26 17:23:05,783 INFO     ___FILE_ONLY___   
2021-07-26 17:23:05,784 INFO     ___FILE_ONLY___ [-0.49907875061035156]
2021-07-26 17:23:05,784 INFO     ___FILE_ONLY___ 

2021-07-26 17:23:05,784 INFO     ___FILE_ONLY___ abcd
2021-07-26 17:23:05,784 INFO     ___FILE_ONLY___   
2021-07-26 17:23:05,784 INFO     ___FILE_ONLY___ [0.17387139797210693]
2021-07-26 17:23:05,784 INFO     ___FILE_ONLY___ 

2021-07-26 17:23:05,784 INFO     ___FILE_ONLY___ abcd
2021-07-26 17:23:05,784 INFO     ___FILE_ONLY___   
2021-07-26 17:23:05,784 INFO     ___FILE_ONLY___ [0.4635465145111084]
2021-07-26 17:23:05,785 INFO     ___FILE_ONLY___ 

2021-07-26 17:23:05,785 INFO     ___FILE_ONLY___ abcd
2021-07-26 17:23:05,785 INFO     ___FILE_ONLY___   
2021-07-26 17:23:05,785 INFO     ___FILE_ONLY___ [0.6509668231010437]
2021-07-26 17:23:05,785 INFO     ___FILE_ONLY___ 

2021-07-26 17:23:05,785 INFO     ___FILE_ONLY___ abcd
2021-07-26 17:23:05,785 INFO     ___FILE_ONLY___   
2021-07-26 17:23:05,785 INFO     ___FILE_ONLY___ [0.1143716424703598]
2021-07-26 17:23:05,786 INFO     ___FILE_ONLY___ 

2021-07-26 17:23:05,786 INFO     ___FILE_ONLY___ abcd
2021-07-26 17:23:05,786 INFO     ___FILE_ONLY___   
2021-07-26 17:23:05,786 INFO     ___FILE_ONLY___ [0.8764979839324951]
2021-07-26 17:23:05,786 INFO     ___FILE_ONLY___ 

2021-07-26 17:23:05,786 INFO     ___FILE_ONLY___ abcd
2021-07-26 17:23:05,786 INFO     ___FILE_ONLY___   
2021-07-26 17:23:05,786 INFO     ___FILE_ONLY___ [0.6028882265090942]
2021-07-26 17:23:05,787 INFO     ___FILE_ONLY___ 

2021-07-26 17:23:05,787 INFO     ___FILE_ONLY___ abcd
2021-07-26 17:23:05,787 INFO     ___FILE_ONLY___   
2021-07-26 17:23:05,787 INFO     ___FILE_ONLY___ [-0.8529970645904541]
2021-07-26 17:23:05,787 INFO     ___FILE_ONLY___ 

2021-07-26 17:23:05,787 INFO     ___FILE_ONLY___ abcd
2021-07-26 17:23:05,787 INFO     ___FILE_ONLY___   
2021-07-26 17:23:05,787 INFO     ___FILE_ONLY___ [0.3373936116695404]
2021-07-26 17:23:05,787 INFO     ___FILE_ONLY___ 

2021-07-26 17:23:05,788 INFO     ___FILE_ONLY___ abcd
2021-07-26 17:23:05,788 INFO     ___FILE_ONLY___   
2021-07-26 17:23:05,788 INFO     ___FILE_ONLY___ [1.0140609741210938]
2021-07-26 17:23:05,788 INFO     ___FILE_ONLY___ 

2021-07-26 17:23:05,788 INFO     ___FILE_ONLY___ abcd
2021-07-26 17:23:05,788 INFO     ___FILE_ONLY___   
2021-07-26 17:23:05,788 INFO     ___FILE_ONLY___ [1.4978513717651367]
2021-07-26 17:23:05,788 INFO     ___FILE_ONLY___ 

2021-07-26 17:23:05,789 INFO     ___FILE_ONLY___ abcd
2021-07-26 17:23:05,789 INFO     ___FILE_ONLY___   
2021-07-26 17:23:05,789 INFO     ___FILE_ONLY___ [1.5918160676956177]
2021-07-26 17:23:05,789 INFO     ___FILE_ONLY___ 

2021-07-26 17:23:05,790 DEBUG    root            SDK update checks are disabled.
