2021-07-26 17:39:41,628 DEBUG    root            Loaded Command Group: ['gcloud', 'ai_platform']
2021-07-26 17:39:41,630 DEBUG    root            Loaded Command Group: ['gcloud', 'ai-platform', 'jobs']
2021-07-26 17:39:41,631 DEBUG    root            Loaded Command Group: ['gcloud', 'ai-platform', 'jobs', 'submit']
2021-07-26 17:39:41,646 DEBUG    root            Loaded Command Group: ['gcloud', 'ai-platform', 'jobs', 'submit', 'training']
2021-07-26 17:39:41,674 DEBUG    root            Running [gcloud.ai-platform.jobs.submit.training] with arguments: [--job-dir: "<googlecloudsdk.api_lib.storage.storage_util.ObjectReference object at 0x7f87ca27d290>", --module-name: "trainer.task", --package-path: "trainer", --python-version: "3.7", --region: "us-central1", --runtime-version: "2.1", JOB: "simple_20210726173544"]
2021-07-26 17:39:41,686 DEBUG    google.auth.transport.requests Making request: GET http://metadata.google.internal/computeMetadata/v1/instance/service-accounts/114789316337-compute@developer.gserviceaccount.com/?recursive=true
2021-07-26 17:39:41,689 DEBUG    urllib3.connectionpool Starting new HTTP connection (1): metadata.google.internal:80
2021-07-26 17:39:41,690 DEBUG    urllib3.connectionpool http://metadata.google.internal:80 "GET /computeMetadata/v1/instance/service-accounts/114789316337-compute@developer.gserviceaccount.com/?recursive=true HTTP/1.1" 200 155
2021-07-26 17:39:41,691 DEBUG    google.auth.transport.requests Making request: GET http://metadata.google.internal/computeMetadata/v1/instance/service-accounts/114789316337-compute@developer.gserviceaccount.com/token
2021-07-26 17:39:41,693 DEBUG    urllib3.connectionpool http://metadata.google.internal:80 "GET /computeMetadata/v1/instance/service-accounts/114789316337-compute@developer.gserviceaccount.com/token HTTP/1.1" 200 250
2021-07-26 17:39:41,715 DEBUG    google.auth.transport.requests Making request: GET http://metadata.google.internal/computeMetadata/v1/instance/service-accounts/114789316337-compute@developer.gserviceaccount.com/?recursive=true
2021-07-26 17:39:41,716 DEBUG    urllib3.connectionpool Starting new HTTP connection (1): metadata.google.internal:80
2021-07-26 17:39:41,718 DEBUG    urllib3.connectionpool http://metadata.google.internal:80 "GET /computeMetadata/v1/instance/service-accounts/114789316337-compute@developer.gserviceaccount.com/?recursive=true HTTP/1.1" 200 155
2021-07-26 17:39:41,718 DEBUG    google.auth.transport.requests Making request: GET http://metadata.google.internal/computeMetadata/v1/instance/service-accounts/114789316337-compute@developer.gserviceaccount.com/token
2021-07-26 17:39:41,720 DEBUG    urllib3.connectionpool http://metadata.google.internal:80 "GET /computeMetadata/v1/instance/service-accounts/114789316337-compute@developer.gserviceaccount.com/token HTTP/1.1" 200 250
2021-07-26 17:39:41,726 DEBUG    root            Looking for setup.py file at [/home/jupyter/e2e_second_example/setup.py]
2021-07-26 17:39:41,726 INFO     root            Generating temporary setup.py file:
from setuptools import setup, find_packages

if __name__ == '__main__':
    setup(
        name='trainer',
        packages=find_packages(include=['trainer'])
    )

2021-07-26 17:39:41,727 DEBUG    root            Executing command: ['/opt/conda/bin/python3', '-S', '/home/jupyter/e2e_second_example/setup.py', 'egg_info', '--egg-base', '/tmp/tmp0bqapuxg', 'build', '--build-base', '/tmp/tmp0bqapuxg', '--build-temp', '/tmp/tmp0bqapuxg', 'sdist', '--dist-dir', '/tmp/tmp3g7ucuf6/output']
2021-07-26 17:39:41,936 DEBUG    root            Executing command: ['/opt/conda/bin/python3', '/home/jupyter/e2e_second_example/setup.py', 'egg_info', '--egg-base', '/tmp/tmp0bqapuxg', 'build', '--build-base', '/tmp/tmp0bqapuxg', '--build-temp', '/tmp/tmp0bqapuxg', 'sdist', '--dist-dir', '/tmp/tmp3g7ucuf6/output']
2021-07-26 17:39:42,334 DEBUG    root            Python packaging resulted in [/tmp/tmp3g7ucuf6/output/trainer-0.0.0.tar.gz]
2021-07-26 17:39:42,335 DEBUG    root            Couldn't remove file [/home/jupyter/e2e_second_example/setup.pyc] (it may never have been created).
2021-07-26 17:39:42,341 DEBUG    google.auth.transport.requests Making request: GET http://metadata.google.internal/computeMetadata/v1/instance/service-accounts/114789316337-compute@developer.gserviceaccount.com/?recursive=true
2021-07-26 17:39:42,343 DEBUG    urllib3.connectionpool Starting new HTTP connection (1): metadata.google.internal:80
2021-07-26 17:39:42,345 DEBUG    urllib3.connectionpool http://metadata.google.internal:80 "GET /computeMetadata/v1/instance/service-accounts/114789316337-compute@developer.gserviceaccount.com/?recursive=true HTTP/1.1" 200 155
2021-07-26 17:39:42,345 DEBUG    google.auth.transport.requests Making request: GET http://metadata.google.internal/computeMetadata/v1/instance/service-accounts/114789316337-compute@developer.gserviceaccount.com/token
2021-07-26 17:39:42,347 DEBUG    urllib3.connectionpool http://metadata.google.internal:80 "GET /computeMetadata/v1/instance/service-accounts/114789316337-compute@developer.gserviceaccount.com/token HTTP/1.1" 200 250
2021-07-26 17:39:42,353 DEBUG    google.auth.transport.requests Making request: GET http://metadata.google.internal/computeMetadata/v1/instance/service-accounts/114789316337-compute@developer.gserviceaccount.com/?recursive=true
2021-07-26 17:39:42,355 DEBUG    urllib3.connectionpool Starting new HTTP connection (1): metadata.google.internal:80
2021-07-26 17:39:42,356 DEBUG    urllib3.connectionpool http://metadata.google.internal:80 "GET /computeMetadata/v1/instance/service-accounts/114789316337-compute@developer.gserviceaccount.com/?recursive=true HTTP/1.1" 200 155
2021-07-26 17:39:42,357 DEBUG    google.auth.transport.requests Making request: GET http://metadata.google.internal/computeMetadata/v1/instance/service-accounts/114789316337-compute@developer.gserviceaccount.com/token
2021-07-26 17:39:42,359 DEBUG    urllib3.connectionpool http://metadata.google.internal:80 "GET /computeMetadata/v1/instance/service-accounts/114789316337-compute@developer.gserviceaccount.com/token HTTP/1.1" 200 250
2021-07-26 17:39:42,403 INFO     root            Uploading [/tmp/tmp3g7ucuf6/output/trainer-0.0.0.tar.gz] to [ultra-evening-318614-aiplatform/simple_20210726173544/packages/09d145938aea37247d6b3585292c6433b0ea50571e492d4a70db96b0aefb5c17/trainer-0.0.0.tar.gz]
2021-07-26 17:39:42,408 DEBUG    urllib3.connectionpool Starting new HTTPS connection (1): storage.googleapis.com:443
2021-07-26 17:39:42,548 DEBUG    urllib3.connectionpool https://storage.googleapis.com:443 "POST /upload/storage/v1/b/ultra-evening-318614-aiplatform/o?alt=json&name=simple_20210726173544%2Fpackages%2F09d145938aea37247d6b3585292c6433b0ea50571e492d4a70db96b0aefb5c17%2Ftrainer-0.0.0.tar.gz&uploadType=multipart HTTP/1.1" 200 1249
2021-07-26 17:39:42,551 DEBUG    root            Using ['gs://ultra-evening-318614-aiplatform/simple_20210726173544/packages/09d145938aea37247d6b3585292c6433b0ea50571e492d4a70db96b0aefb5c17/trainer-0.0.0.tar.gz'] as trainer uris
2021-07-26 17:39:42,557 DEBUG    urllib3.connectionpool Starting new HTTPS connection (1): ml.googleapis.com:443
2021-07-26 17:39:43,587 DEBUG    urllib3.connectionpool https://ml.googleapis.com:443 "POST /v1/projects/ultra-evening-318614/jobs?alt=json HTTP/1.1" 200 None
2021-07-26 17:39:43,588 INFO     ___FILE_ONLY___ Job [simple_20210726173544] submitted successfully.

2021-07-26 17:39:43,589 INFO     ___FILE_ONLY___ Your job is still active. You may view the status of your job with the command

  $ gcloud ai-platform jobs describe simple_20210726173544

or continue streaming the logs with the command

  $ gcloud ai-platform jobs stream-logs simple_20210726173544

2021-07-26 17:39:43,590 INFO     root            Display format: "yaml(jobId,state,startTime.date(tz=LOCAL),endTime.date(tz=LOCAL))"
2021-07-26 17:39:43,591 INFO     ___FILE_ONLY___ jobId
2021-07-26 17:39:43,592 INFO     ___FILE_ONLY___ :
2021-07-26 17:39:43,592 INFO     ___FILE_ONLY___  
2021-07-26 17:39:43,592 INFO     ___FILE_ONLY___ simple_20210726173544
2021-07-26 17:39:43,592 INFO     ___FILE_ONLY___ 

2021-07-26 17:39:43,592 INFO     ___FILE_ONLY___ state
2021-07-26 17:39:43,592 INFO     ___FILE_ONLY___ :
2021-07-26 17:39:43,592 INFO     ___FILE_ONLY___  
2021-07-26 17:39:43,593 INFO     ___FILE_ONLY___ QUEUED
2021-07-26 17:39:43,593 INFO     ___FILE_ONLY___ 

2021-07-26 17:39:43,593 DEBUG    root            SDK update checks are disabled.
