2021-07-26 17:43:41,188 DEBUG    root            Loaded Command Group: ['gcloud', 'ai_platform']
2021-07-26 17:43:41,191 DEBUG    root            Loaded Command Group: ['gcloud', 'ai-platform', 'models']
2021-07-26 17:43:41,196 DEBUG    root            Loaded Command Group: ['gcloud', 'ai-platform', 'models', 'create']
2021-07-26 17:43:41,207 DEBUG    root            Running [gcloud.ai-platform.models.create] with arguments: [--regions: "['us-central1']", MODEL: "simple"]
2021-07-26 17:43:41,209 INFO     ___FILE_ONLY___ Using endpoint [https://ml.googleapis.com/]

2021-07-26 17:43:41,223 DEBUG    google.auth.transport.requests Making request: GET http://metadata.google.internal/computeMetadata/v1/instance/service-accounts/114789316337-compute@developer.gserviceaccount.com/?recursive=true
2021-07-26 17:43:41,226 DEBUG    urllib3.connectionpool Starting new HTTP connection (1): metadata.google.internal:80
2021-07-26 17:43:41,228 DEBUG    urllib3.connectionpool http://metadata.google.internal:80 "GET /computeMetadata/v1/instance/service-accounts/114789316337-compute@developer.gserviceaccount.com/?recursive=true HTTP/1.1" 200 155
2021-07-26 17:43:41,228 DEBUG    google.auth.transport.requests Making request: GET http://metadata.google.internal/computeMetadata/v1/instance/service-accounts/114789316337-compute@developer.gserviceaccount.com/token
2021-07-26 17:43:41,231 DEBUG    urllib3.connectionpool http://metadata.google.internal:80 "GET /computeMetadata/v1/instance/service-accounts/114789316337-compute@developer.gserviceaccount.com/token HTTP/1.1" 200 250
2021-07-26 17:43:41,246 DEBUG    google.auth.transport.requests Making request: GET http://metadata.google.internal/computeMetadata/v1/instance/service-accounts/114789316337-compute@developer.gserviceaccount.com/?recursive=true
2021-07-26 17:43:41,248 DEBUG    urllib3.connectionpool Starting new HTTP connection (1): metadata.google.internal:80
2021-07-26 17:43:41,249 DEBUG    urllib3.connectionpool http://metadata.google.internal:80 "GET /computeMetadata/v1/instance/service-accounts/114789316337-compute@developer.gserviceaccount.com/?recursive=true HTTP/1.1" 200 155
2021-07-26 17:43:41,250 DEBUG    google.auth.transport.requests Making request: GET http://metadata.google.internal/computeMetadata/v1/instance/service-accounts/114789316337-compute@developer.gserviceaccount.com/token
2021-07-26 17:43:41,253 DEBUG    urllib3.connectionpool http://metadata.google.internal:80 "GET /computeMetadata/v1/instance/service-accounts/114789316337-compute@developer.gserviceaccount.com/token HTTP/1.1" 200 250
2021-07-26 17:43:41,265 DEBUG    urllib3.connectionpool Starting new HTTPS connection (1): ml.googleapis.com:443
2021-07-26 17:43:41,982 DEBUG    urllib3.connectionpool https://ml.googleapis.com:443 "POST /v1/projects/ultra-evening-318614/models?alt=json HTTP/1.1" 200 None
2021-07-26 17:43:41,984 INFO     ___FILE_ONLY___ Created ai platform model [projects/ultra-evening-318614/models/simple].

2021-07-26 17:43:41,985 INFO     root            Display format: "none"
2021-07-26 17:43:41,985 DEBUG    root            SDK update checks are disabled.
