2021-07-26 17:42:29,372 DEBUG    root            Loaded Command Group: ['gcloud', 'ai_platform']
2021-07-26 17:42:29,373 DEBUG    root            Loaded Command Group: ['gcloud', 'ai-platform', 'jobs']
2021-07-26 17:42:29,384 DEBUG    root            Loaded Command Group: ['gcloud', 'ai-platform', 'jobs', 'describe']
2021-07-26 17:42:29,390 DEBUG    root            Running [gcloud.ai-platform.jobs.describe] with arguments: [JOB: "simple_20210726173544"]
2021-07-26 17:42:29,403 DEBUG    google.auth.transport.requests Making request: GET http://metadata.google.internal/computeMetadata/v1/instance/service-accounts/114789316337-compute@developer.gserviceaccount.com/?recursive=true
2021-07-26 17:42:29,405 DEBUG    urllib3.connectionpool Starting new HTTP connection (1): metadata.google.internal:80
2021-07-26 17:42:29,407 DEBUG    urllib3.connectionpool http://metadata.google.internal:80 "GET /computeMetadata/v1/instance/service-accounts/114789316337-compute@developer.gserviceaccount.com/?recursive=true HTTP/1.1" 200 155
2021-07-26 17:42:29,408 DEBUG    google.auth.transport.requests Making request: GET http://metadata.google.internal/computeMetadata/v1/instance/service-accounts/114789316337-compute@developer.gserviceaccount.com/token
2021-07-26 17:42:29,410 DEBUG    urllib3.connectionpool http://metadata.google.internal:80 "GET /computeMetadata/v1/instance/service-accounts/114789316337-compute@developer.gserviceaccount.com/token HTTP/1.1" 200 250
2021-07-26 17:42:29,425 DEBUG    google.auth.transport.requests Making request: GET http://metadata.google.internal/computeMetadata/v1/instance/service-accounts/114789316337-compute@developer.gserviceaccount.com/?recursive=true
2021-07-26 17:42:29,427 DEBUG    urllib3.connectionpool Starting new HTTP connection (1): metadata.google.internal:80
2021-07-26 17:42:29,428 DEBUG    urllib3.connectionpool http://metadata.google.internal:80 "GET /computeMetadata/v1/instance/service-accounts/114789316337-compute@developer.gserviceaccount.com/?recursive=true HTTP/1.1" 200 155
2021-07-26 17:42:29,429 DEBUG    google.auth.transport.requests Making request: GET http://metadata.google.internal/computeMetadata/v1/instance/service-accounts/114789316337-compute@developer.gserviceaccount.com/token
2021-07-26 17:42:29,432 DEBUG    urllib3.connectionpool http://metadata.google.internal:80 "GET /computeMetadata/v1/instance/service-accounts/114789316337-compute@developer.gserviceaccount.com/token HTTP/1.1" 200 250
2021-07-26 17:42:29,444 DEBUG    urllib3.connectionpool Starting new HTTPS connection (1): ml.googleapis.com:443
2021-07-26 17:42:29,763 DEBUG    urllib3.connectionpool https://ml.googleapis.com:443 "GET /v1/projects/ultra-evening-318614/jobs/simple_20210726173544?alt=json HTTP/1.1" 200 None
2021-07-26 17:42:29,766 INFO     root            Display format: "default"
2021-07-26 17:42:29,769 INFO     ___FILE_ONLY___ createTime
2021-07-26 17:42:29,769 INFO     ___FILE_ONLY___ :
2021-07-26 17:42:29,769 INFO     ___FILE_ONLY___  '
2021-07-26 17:42:29,770 INFO     ___FILE_ONLY___ 2021-07-26T17:39:43Z
2021-07-26 17:42:29,770 INFO     ___FILE_ONLY___ '
2021-07-26 17:42:29,770 INFO     ___FILE_ONLY___ 

2021-07-26 17:42:29,770 INFO     ___FILE_ONLY___ etag
2021-07-26 17:42:29,770 INFO     ___FILE_ONLY___ :
2021-07-26 17:42:29,771 INFO     ___FILE_ONLY___  
2021-07-26 17:42:29,771 INFO     ___FILE_ONLY___ 7NEYLv267G0=
2021-07-26 17:42:29,771 INFO     ___FILE_ONLY___ 

2021-07-26 17:42:29,771 INFO     ___FILE_ONLY___ jobId
2021-07-26 17:42:29,771 INFO     ___FILE_ONLY___ :
2021-07-26 17:42:29,771 INFO     ___FILE_ONLY___  
2021-07-26 17:42:29,772 INFO     ___FILE_ONLY___ simple_20210726173544
2021-07-26 17:42:29,772 INFO     ___FILE_ONLY___ 

2021-07-26 17:42:29,772 INFO     ___FILE_ONLY___ startTime
2021-07-26 17:42:29,772 INFO     ___FILE_ONLY___ :
2021-07-26 17:42:29,772 INFO     ___FILE_ONLY___  '
2021-07-26 17:42:29,772 INFO     ___FILE_ONLY___ 2021-07-26T17:40:27Z
2021-07-26 17:42:29,772 INFO     ___FILE_ONLY___ '
2021-07-26 17:42:29,773 INFO     ___FILE_ONLY___ 

2021-07-26 17:42:29,773 INFO     ___FILE_ONLY___ state
2021-07-26 17:42:29,773 INFO     ___FILE_ONLY___ :
2021-07-26 17:42:29,773 INFO     ___FILE_ONLY___  
2021-07-26 17:42:29,773 INFO     ___FILE_ONLY___ RUNNING
2021-07-26 17:42:29,774 INFO     ___FILE_ONLY___ 

2021-07-26 17:42:29,774 INFO     ___FILE_ONLY___ trainingInput
2021-07-26 17:42:29,774 INFO     ___FILE_ONLY___ :
2021-07-26 17:42:29,774 INFO     ___FILE_ONLY___ 

2021-07-26 17:42:29,774 INFO     ___FILE_ONLY___   
2021-07-26 17:42:29,774 INFO     ___FILE_ONLY___ jobDir
2021-07-26 17:42:29,775 INFO     ___FILE_ONLY___ :
2021-07-26 17:42:29,775 INFO     ___FILE_ONLY___  
2021-07-26 17:42:29,775 INFO     ___FILE_ONLY___ gs://ultra-evening-318614-aiplatform/simple_20210726173544
2021-07-26 17:42:29,775 INFO     ___FILE_ONLY___ 

2021-07-26 17:42:29,775 INFO     ___FILE_ONLY___   
2021-07-26 17:42:29,775 INFO     ___FILE_ONLY___ packageUris
2021-07-26 17:42:29,776 INFO     ___FILE_ONLY___ :
2021-07-26 17:42:29,776 INFO     ___FILE_ONLY___ 

2021-07-26 17:42:29,776 INFO     ___FILE_ONLY___   
2021-07-26 17:42:29,776 INFO     ___FILE_ONLY___ -
2021-07-26 17:42:29,776 INFO     ___FILE_ONLY___  
2021-07-26 17:42:29,776 INFO     ___FILE_ONLY___ gs://ultra-evening-318614-aiplatform/simple_20210726173544/packages/09d145938aea37247d6b3585292c6433b0ea50571e492d4a70db96b0aefb5c17/trainer-0.0.0.tar.gz
2021-07-26 17:42:29,777 INFO     ___FILE_ONLY___ 

2021-07-26 17:42:29,777 INFO     ___FILE_ONLY___   
2021-07-26 17:42:29,777 INFO     ___FILE_ONLY___ pythonModule
2021-07-26 17:42:29,777 INFO     ___FILE_ONLY___ :
2021-07-26 17:42:29,777 INFO     ___FILE_ONLY___  
2021-07-26 17:42:29,777 INFO     ___FILE_ONLY___ trainer.task
2021-07-26 17:42:29,778 INFO     ___FILE_ONLY___ 

2021-07-26 17:42:29,778 INFO     ___FILE_ONLY___   
2021-07-26 17:42:29,778 INFO     ___FILE_ONLY___ pythonVersion
2021-07-26 17:42:29,778 INFO     ___FILE_ONLY___ :
2021-07-26 17:42:29,778 INFO     ___FILE_ONLY___  '
2021-07-26 17:42:29,778 INFO     ___FILE_ONLY___ 3.7
2021-07-26 17:42:29,778 INFO     ___FILE_ONLY___ '
2021-07-26 17:42:29,778 INFO     ___FILE_ONLY___ 

2021-07-26 17:42:29,779 INFO     ___FILE_ONLY___   
2021-07-26 17:42:29,779 INFO     ___FILE_ONLY___ region
2021-07-26 17:42:29,779 INFO     ___FILE_ONLY___ :
2021-07-26 17:42:29,779 INFO     ___FILE_ONLY___  
2021-07-26 17:42:29,779 INFO     ___FILE_ONLY___ us-central1
2021-07-26 17:42:29,780 INFO     ___FILE_ONLY___ 

2021-07-26 17:42:29,780 INFO     ___FILE_ONLY___   
2021-07-26 17:42:29,780 INFO     ___FILE_ONLY___ runtimeVersion
2021-07-26 17:42:29,780 INFO     ___FILE_ONLY___ :
2021-07-26 17:42:29,780 INFO     ___FILE_ONLY___  '
2021-07-26 17:42:29,780 INFO     ___FILE_ONLY___ 2.1
2021-07-26 17:42:29,781 INFO     ___FILE_ONLY___ '
2021-07-26 17:42:29,781 INFO     ___FILE_ONLY___ 

2021-07-26 17:42:29,781 INFO     ___FILE_ONLY___ trainingOutput
2021-07-26 17:42:29,781 INFO     ___FILE_ONLY___ :
2021-07-26 17:42:29,781 INFO     ___FILE_ONLY___  {
2021-07-26 17:42:29,781 INFO     ___FILE_ONLY___ }
2021-07-26 17:42:29,782 INFO     ___FILE_ONLY___ 

2021-07-26 17:42:29,784 INFO     ___FILE_ONLY___ 
View job in the Cloud Console at:
https://console.cloud.google.com/mlengine/jobs/simple_20210726173544?project=ultra-evening-318614

2021-07-26 17:42:29,784 INFO     ___FILE_ONLY___ 
View logs at:
https://console.cloud.google.com/logs?resource=ml_job%2Fjob_id%2Fsimple_20210726173544&project=ultra-evening-318614

2021-07-26 17:42:29,785 DEBUG    root            SDK update checks are disabled.
